<?xml version="1.0" encoding="UTF-8"?>
<robot generator="Robot 7.2.2 (Python 3.9.6 on darwin)" generated="2025-03-27T19:52:27.249492" rpa="false" schemaversion="5">
<suite id="s1" name="Suites">
<suite id="s1-s1" name="Second" source="/Users/devayanaimohanty/Desktop/Python_Project/Python_robot/TestCases/second.robot">
<test id="s1-s1-t1" name="demo" line="12">
<kw name="Set Selenium Timeout" owner="SeleniumLibrary">
<arg>5</arg>
<doc>Sets the timeout that is used by various keywords.</doc>
<status status="PASS" start="2025-03-27T19:52:27.356977" elapsed="0.000173"/>
</kw>
<kw name="Open Browser" owner="SeleniumLibrary">
<msg time="2025-03-27T19:52:27.357391" level="INFO">Opening browser 'headlessChrome' to base url 'https://demoqa.com/elements'.</msg>
<arg>${url}</arg>
<arg>${browser}</arg>
<doc>Opens a new browser instance to the optional ``url``.</doc>
<status status="PASS" start="2025-03-27T19:52:27.357258" elapsed="1.914616"/>
</kw>
<kw name="Maximize Browser Window" owner="SeleniumLibrary">
<doc>Maximizes current browser window.</doc>
<status status="PASS" start="2025-03-27T19:52:29.278600" elapsed="0.029904"/>
</kw>
<kw name="Title Should Be" owner="SeleniumLibrary">
<msg time="2025-03-27T19:52:29.317097" level="INFO">Page title is 'DEMOQA'.</msg>
<arg>DEMOQA</arg>
<doc>Verifies that the current page title equals ``title``.</doc>
<status status="PASS" start="2025-03-27T19:52:29.308738" elapsed="0.008682"/>
</kw>
<kw name="Click Element" owner="SeleniumLibrary">
<msg time="2025-03-27T19:52:29.320179" level="INFO">Clicking element 'xpath:(//li[@id='item-0'])[1]'.</msg>
<arg>xpath:(//li[@id='item-0'])[1]</arg>
<doc>Click the element identified by ``locator``.</doc>
<status status="PASS" start="2025-03-27T19:52:29.318303" elapsed="0.092587"/>
</kw>
<kw name="Input Text" owner="SeleniumLibrary">
<msg time="2025-03-27T19:52:29.411547" level="INFO">Typing text 'Navin' into text field 'id:userName'.</msg>
<arg>id:userName</arg>
<arg>Navin</arg>
<doc>Types the given ``text`` into the text field identified by ``locator``.</doc>
<status status="PASS" start="2025-03-27T19:52:29.411269" elapsed="0.198821"/>
</kw>
<kw name="Input Text" owner="SeleniumLibrary">
<msg time="2025-03-27T19:52:29.610683" level="INFO">Typing text 'navin@gmail.com' into text field 'id:userEmail'.</msg>
<arg>id:userEmail</arg>
<arg>navin@gmail.com</arg>
<doc>Types the given ``text`` into the text field identified by ``locator``.</doc>
<status status="PASS" start="2025-03-27T19:52:29.610417" elapsed="0.080324"/>
</kw>
<kw name="Click Element" owner="SeleniumLibrary">
<msg time="2025-03-27T19:52:29.691955" level="INFO">Clicking element 'xpath:(//li[@id='item-1'])[1]'.</msg>
<arg>xpath:(//li[@id='item-1'])[1]</arg>
<doc>Click the element identified by ``locator``.</doc>
<status status="PASS" start="2025-03-27T19:52:29.691165" elapsed="0.075544"/>
</kw>
<kw name="Sleep" owner="BuiltIn">
<msg time="2025-03-27T19:52:31.769579" level="INFO">Slept 2 seconds.</msg>
<arg>2</arg>
<doc>Pauses the test executed for the given time.</doc>
<status status="PASS" start="2025-03-27T19:52:29.767088" elapsed="2.003703"/>
</kw>
<kw name="Sleep" owner="BuiltIn">
<msg time="2025-03-27T19:52:33.775483" level="INFO">Slept 2 seconds.</msg>
<arg>2</arg>
<doc>Pauses the test executed for the given time.</doc>
<status status="PASS" start="2025-03-27T19:52:31.771865" elapsed="2.004869"/>
</kw>
<kw name="Click Element" owner="SeleniumLibrary">
<msg time="2025-03-27T19:52:33.779206" level="INFO">Clicking element 'xpath:(//li[@id='item-4'])[1]'.</msg>
<arg>xpath:(//li[@id='item-4'])[1]</arg>
<doc>Click the element identified by ``locator``.</doc>
<status status="PASS" start="2025-03-27T19:52:33.778061" elapsed="0.063776"/>
</kw>
<kw name="Sleep" owner="BuiltIn">
<msg time="2025-03-27T19:52:35.844564" level="INFO">Slept 2 seconds.</msg>
<arg>2</arg>
<doc>Pauses the test executed for the given time.</doc>
<status status="PASS" start="2025-03-27T19:52:33.842105" elapsed="2.003455"/>
</kw>
<kw name="Double Click Element" owner="SeleniumLibrary">
<msg time="2025-03-27T19:52:35.848600" level="INFO">Double clicking element 'xpath://button[@id='doubleClickBtn']'.</msg>
<arg>xpath://button[@id='doubleClickBtn']</arg>
<doc>Double clicks the element identified by ``locator``.</doc>
<status status="PASS" start="2025-03-27T19:52:35.846608" elapsed="0.309909"/>
</kw>
<kw name="Sleep" owner="BuiltIn">
<msg time="2025-03-27T19:52:40.159308" level="INFO">Slept 4 seconds.</msg>
<arg>4</arg>
<doc>Pauses the test executed for the given time.</doc>
<status status="PASS" start="2025-03-27T19:52:36.156894" elapsed="4.013158"/>
</kw>
<kw name="Open Context Menu" owner="SeleniumLibrary">
<arg>xpath://button[@id='rightClickBtn']</arg>
<doc>Opens the context menu on the element identified by ``locator``.</doc>
<status status="PASS" start="2025-03-27T19:52:40.172651" elapsed="0.302096"/>
</kw>
<kw name="Sleep" owner="BuiltIn">
<msg time="2025-03-27T19:52:44.476483" level="INFO">Slept 4 seconds.</msg>
<arg>4</arg>
<doc>Pauses the test executed for the given time.</doc>
<status status="PASS" start="2025-03-27T19:52:40.475354" elapsed="4.002066"/>
</kw>
<kw name="Close Browser" owner="SeleniumLibrary">
<doc>Closes the current browser.</doc>
<status status="PASS" start="2025-03-27T19:52:44.478570" elapsed="0.106324"/>
</kw>
<status status="PASS" start="2025-03-27T19:52:27.356391" elapsed="17.228761"/>
</test>
<status status="PASS" start="2025-03-27T19:52:27.263287" elapsed="17.322501"/>
</suite>
<status status="PASS" start="2025-03-27T19:52:27.254324" elapsed="17.331918"/>
</suite>
<statistics>
<total>
<stat pass="1" fail="0" skip="0">All Tests</stat>
</total>
<tag>
</tag>
<suite>
<stat name="Suites" id="s1" pass="1" fail="0" skip="0">Suites</stat>
<stat name="Second" id="s1-s1" pass="1" fail="0" skip="0">Suites.Second</stat>
</suite>
</statistics>
<errors>
</errors>
</robot>
