<?xml version="1.0" encoding="UTF-8"?>
<robot generator="Rebot 7.2.2 (Python 3.9.6 on darwin)" generated="2025-03-27T20:36:08.183238" rpa="false" schemaversion="5">
<suite id="s1" name="Suites">
<suite id="s1-s1" name="Datadriven" source="/Users/devayanaimohanty/Desktop/Python_Project/Python_robot/TestCases/datadriven.robot">
<kw name="open my browser" owner="loginFile" type="SETUP">
<kw name="Open Browser" owner="SeleniumLibrary">
<msg time="2025-03-27T20:35:47.165767" level="INFO">Opening browser 'headlesschrome' to base url 'https://admin-demo.nopcommerce.com/login?ReturnUrl=%2Fadmin%2F'.</msg>
<arg>${url}</arg>
<arg>${browser}</arg>
<doc>Opens a new browser instance to the optional ``url``.</doc>
<status status="PASS" start="2025-03-27T20:35:47.165571" elapsed="2.174195"/>
</kw>
<kw name="Maximize Browser Window" owner="SeleniumLibrary">
<doc>Maximizes current browser window.</doc>
<status status="PASS" start="2025-03-27T20:35:49.341118" elapsed="0.023402"/>
</kw>
<status status="PASS" start="2025-03-27T20:35:47.165059" elapsed="2.199617"/>
</kw>
<test id="s1-s1-t1" name="Test1" line="10">
<kw name="invalid input tests">
<kw name="Close All Browsers" owner="SeleniumLibrary">
<doc>Closes all open browsers and resets the browser cache.</doc>
<status status="PASS" start="2025-03-27T20:35:49.367489" elapsed="0.086763"/>
</kw>
<arg>admin@yourstore.com</arg>
<arg>admin</arg>
<status status="PASS" start="2025-03-27T20:35:49.366506" elapsed="0.087971"/>
</kw>
<status status="PASS" start="2025-03-27T20:35:49.364876" elapsed="0.089800"/>
</test>
<test id="s1-s1-t2" name="Test2" line="11">
<kw name="invalid input tests">
<kw name="Close All Browsers" owner="SeleniumLibrary">
<doc>Closes all open browsers and resets the browser cache.</doc>
<status status="PASS" start="2025-03-27T20:35:49.455418" elapsed="0.000110"/>
</kw>
<arg>adminn@yourstore.com</arg>
<arg>admin</arg>
<status status="PASS" start="2025-03-27T20:35:49.455182" elapsed="0.000395"/>
</kw>
<status status="PASS" start="2025-03-27T20:35:49.454954" elapsed="0.000693"/>
</test>
<kw name="close my browser" owner="loginFile" type="TEARDOWN">
<kw name="Close All Browsers" owner="SeleniumLibrary">
<doc>Closes all open browsers and resets the browser cache.</doc>
<status status="PASS" start="2025-03-27T20:35:49.456091" elapsed="0.000094"/>
</kw>
<status status="PASS" start="2025-03-27T20:35:49.455973" elapsed="0.000255"/>
</kw>
<status status="PASS" start="2025-03-27T20:35:47.063000" elapsed="2.290000"/>
</suite>
<suite id="s1-s2" name="First" source="/Users/devayanaimohanty/Desktop/Python_Project/Python_robot/TestCases/first.robot">
<test id="s1-s2-t1" name="Open Google" line="8">
<kw name="Open Browser" owner="SeleniumLibrary">
<msg time="2025-03-27T20:35:47.163212" level="INFO">Opening browser 'headlessChrome' to base url 'https://www.google.com'.</msg>
<arg>${URL}</arg>
<arg>${Browser}</arg>
<doc>Opens a new browser instance to the optional ``url``.</doc>
<status status="PASS" start="2025-03-27T20:35:47.163013" elapsed="2.382456"/>
</kw>
<kw name="Title Should Be" owner="SeleniumLibrary">
<msg time="2025-03-27T20:35:49.549795" level="INFO">Page title is 'Google'.</msg>
<arg>Google</arg>
<doc>Verifies that the current page title equals ``title``.</doc>
<status status="PASS" start="2025-03-27T20:35:49.546363" elapsed="0.003514"/>
</kw>
<kw name="Close Browser" owner="SeleniumLibrary">
<doc>Closes the current browser.</doc>
<status status="PASS" start="2025-03-27T20:35:49.550014" elapsed="0.069867"/>
</kw>
<status status="PASS" start="2025-03-27T20:35:47.162378" elapsed="2.457701"/>
</test>
<status status="PASS" start="2025-03-27T20:35:47.063128" elapsed="2.557459"/>
</suite>
<suite id="s1-s3" name="Forloop" source="/Users/devayanaimohanty/Desktop/Python_Project/Python_robot/TestCases/forloop.robot">
<test id="s1-s3-t1" name="forLoop1" line="3">
<for flavor="IN RANGE">
<iter>
<kw name="Log To Console" owner="BuiltIn">
<arg>${i}</arg>
<doc>Logs the given message to the console.</doc>
<status status="PASS" start="2025-03-27T20:35:49.837089" elapsed="0.000222"/>
</kw>
<var name="${i}">1</var>
<status status="PASS" start="2025-03-27T20:35:49.836719" elapsed="0.000649"/>
</iter>
<iter>
<kw name="Log To Console" owner="BuiltIn">
<arg>${i}</arg>
<doc>Logs the given message to the console.</doc>
<status status="PASS" start="2025-03-27T20:35:49.837515" elapsed="0.000154"/>
</kw>
<var name="${i}">2</var>
<status status="PASS" start="2025-03-27T20:35:49.837441" elapsed="0.000260"/>
</iter>
<iter>
<kw name="Log To Console" owner="BuiltIn">
<arg>${i}</arg>
<doc>Logs the given message to the console.</doc>
<status status="PASS" start="2025-03-27T20:35:49.837812" elapsed="0.000101"/>
</kw>
<var name="${i}">3</var>
<status status="PASS" start="2025-03-27T20:35:49.837757" elapsed="0.000185"/>
</iter>
<iter>
<kw name="Log To Console" owner="BuiltIn">
<arg>${i}</arg>
<doc>Logs the given message to the console.</doc>
<status status="PASS" start="2025-03-27T20:35:49.838047" elapsed="0.000095"/>
</kw>
<var name="${i}">4</var>
<status status="PASS" start="2025-03-27T20:35:49.837995" elapsed="0.000175"/>
</iter>
<iter>
<kw name="Log To Console" owner="BuiltIn">
<arg>${i}</arg>
<doc>Logs the given message to the console.</doc>
<status status="PASS" start="2025-03-27T20:35:49.838270" elapsed="0.000093"/>
</kw>
<var name="${i}">5</var>
<status status="PASS" start="2025-03-27T20:35:49.838220" elapsed="0.000169"/>
</iter>
<iter>
<kw name="Log To Console" owner="BuiltIn">
<arg>${i}</arg>
<doc>Logs the given message to the console.</doc>
<status status="PASS" start="2025-03-27T20:35:49.838489" elapsed="0.000093"/>
</kw>
<var name="${i}">6</var>
<status status="PASS" start="2025-03-27T20:35:49.838442" elapsed="0.000166"/>
</iter>
<iter>
<kw name="Log To Console" owner="BuiltIn">
<arg>${i}</arg>
<doc>Logs the given message to the console.</doc>
<status status="PASS" start="2025-03-27T20:35:49.838700" elapsed="0.000092"/>
</kw>
<var name="${i}">7</var>
<status status="PASS" start="2025-03-27T20:35:49.838654" elapsed="0.000165"/>
</iter>
<iter>
<kw name="Log To Console" owner="BuiltIn">
<arg>${i}</arg>
<doc>Logs the given message to the console.</doc>
<status status="PASS" start="2025-03-27T20:35:49.838916" elapsed="0.000090"/>
</kw>
<var name="${i}">8</var>
<status status="PASS" start="2025-03-27T20:35:49.838868" elapsed="0.000165"/>
</iter>
<iter>
<kw name="Log To Console" owner="BuiltIn">
<arg>${i}</arg>
<doc>Logs the given message to the console.</doc>
<status status="PASS" start="2025-03-27T20:35:49.839131" elapsed="0.000091"/>
</kw>
<var name="${i}">9</var>
<status status="PASS" start="2025-03-27T20:35:49.839081" elapsed="0.000168"/>
</iter>
<var>${i}</var>
<value>1</value>
<value>10</value>
<status status="PASS" start="2025-03-27T20:35:49.836502" elapsed="0.002770"/>
</for>
<status status="PASS" start="2025-03-27T20:35:49.836263" elapsed="0.003119"/>
</test>
<test id="s1-s3-t2" name="forloop2" line="10">
<for flavor="IN">
<iter>
<kw name="Log To Console" owner="BuiltIn">
<arg>${j}</arg>
<doc>Logs the given message to the console.</doc>
<status status="PASS" start="2025-03-27T20:35:49.839847" elapsed="0.000803"/>
</kw>
<var name="${j}">1</var>
<status status="PASS" start="2025-03-27T20:35:49.839783" elapsed="0.000900"/>
</iter>
<iter>
<kw name="Log To Console" owner="BuiltIn">
<arg>${j}</arg>
<doc>Logs the given message to the console.</doc>
<status status="PASS" start="2025-03-27T20:35:49.840788" elapsed="0.000093"/>
</kw>
<var name="${j}">2</var>
<status status="PASS" start="2025-03-27T20:35:49.840737" elapsed="0.000171"/>
</iter>
<iter>
<kw name="Log To Console" owner="BuiltIn">
<arg>${j}</arg>
<doc>Logs the given message to the console.</doc>
<status status="PASS" start="2025-03-27T20:35:49.841007" elapsed="0.000090"/>
</kw>
<var name="${j}">3</var>
<status status="PASS" start="2025-03-27T20:35:49.840956" elapsed="0.000167"/>
</iter>
<iter>
<kw name="Log To Console" owner="BuiltIn">
<arg>${j}</arg>
<doc>Logs the given message to the console.</doc>
<status status="PASS" start="2025-03-27T20:35:49.841217" elapsed="0.000095"/>
</kw>
<var name="${j}">4</var>
<status status="PASS" start="2025-03-27T20:35:49.841170" elapsed="0.000168"/>
</iter>
<iter>
<kw name="Log To Console" owner="BuiltIn">
<arg>${j}</arg>
<doc>Logs the given message to the console.</doc>
<status status="PASS" start="2025-03-27T20:35:49.841430" elapsed="0.000088"/>
</kw>
<var name="${j}">5</var>
<status status="PASS" start="2025-03-27T20:35:49.841384" elapsed="0.000160"/>
</iter>
<var>${j}</var>
<value>1</value>
<value>2</value>
<value>3</value>
<value>4</value>
<value>5</value>
<status status="PASS" start="2025-03-27T20:35:49.839694" elapsed="0.001872"/>
</for>
<status status="PASS" start="2025-03-27T20:35:49.839522" elapsed="0.002115"/>
</test>
<test id="s1-s3-t3" name="forloop3List" line="17">
<kw name="Create List" owner="BuiltIn">
<msg time="2025-03-27T20:35:49.841990" level="INFO">@{items} = [ 22 | 23 | 33 | 55 ]</msg>
<var>@{items}</var>
<arg>22</arg>
<arg>23</arg>
<arg>33</arg>
<arg>55</arg>
<doc>Returns a list containing given items.</doc>
<status status="PASS" start="2025-03-27T20:35:49.841887" elapsed="0.000122"/>
</kw>
<for flavor="IN">
<iter>
<kw name="Log To Console" owner="BuiltIn">
<arg>${k}</arg>
<doc>Logs the given message to the console.</doc>
<status status="PASS" start="2025-03-27T20:35:49.842175" elapsed="0.000093"/>
</kw>
<var name="${k}">22</var>
<status status="PASS" start="2025-03-27T20:35:49.842124" elapsed="0.000171"/>
</iter>
<iter>
<kw name="Log To Console" owner="BuiltIn">
<arg>${k}</arg>
<doc>Logs the given message to the console.</doc>
<status status="PASS" start="2025-03-27T20:35:49.842393" elapsed="0.000087"/>
</kw>
<var name="${k}">23</var>
<status status="PASS" start="2025-03-27T20:35:49.842344" elapsed="0.000162"/>
</iter>
<iter>
<kw name="Log To Console" owner="BuiltIn">
<arg>${k}</arg>
<doc>Logs the given message to the console.</doc>
<status status="PASS" start="2025-03-27T20:35:49.842602" elapsed="0.000086"/>
</kw>
<var name="${k}">33</var>
<status status="PASS" start="2025-03-27T20:35:49.842553" elapsed="0.000160"/>
</iter>
<iter>
<kw name="Log To Console" owner="BuiltIn">
<arg>${k}</arg>
<doc>Logs the given message to the console.</doc>
<status status="PASS" start="2025-03-27T20:35:49.842805" elapsed="0.000088"/>
</kw>
<var name="${k}">55</var>
<status status="PASS" start="2025-03-27T20:35:49.842759" elapsed="0.000159"/>
</iter>
<var>${k}</var>
<value>@{items}</value>
<status status="PASS" start="2025-03-27T20:35:49.842051" elapsed="0.000888"/>
</for>
<status status="PASS" start="2025-03-27T20:35:49.841738" elapsed="0.001263"/>
</test>
<test id="s1-s3-t4" name="forloopstrings" line="23">
<kw name="Create List" owner="BuiltIn">
<msg time="2025-03-27T20:35:49.843338" level="INFO">@{names} = [ Navin | Neha | Gani | Ishika ]</msg>
<var>@{names}</var>
<arg>Navin</arg>
<arg>Neha</arg>
<arg>Gani</arg>
<arg>Ishika</arg>
<doc>Returns a list containing given items.</doc>
<status status="PASS" start="2025-03-27T20:35:49.843240" elapsed="0.000116"/>
</kw>
<for flavor="IN">
<iter>
<kw name="Log To Console" owner="BuiltIn">
<arg>${n}</arg>
<doc>Logs the given message to the console.</doc>
<status status="PASS" start="2025-03-27T20:35:49.843517" elapsed="0.000088"/>
</kw>
<var name="${n}">Navin</var>
<status status="PASS" start="2025-03-27T20:35:49.843468" elapsed="0.000164"/>
</iter>
<iter>
<kw name="Log To Console" owner="BuiltIn">
<arg>${n}</arg>
<doc>Logs the given message to the console.</doc>
<status status="PASS" start="2025-03-27T20:35:49.843725" elapsed="0.000086"/>
</kw>
<var name="${n}">Neha</var>
<status status="PASS" start="2025-03-27T20:35:49.843679" elapsed="0.000158"/>
</iter>
<iter>
<kw name="Log To Console" owner="BuiltIn">
<arg>${n}</arg>
<doc>Logs the given message to the console.</doc>
<status status="PASS" start="2025-03-27T20:35:49.844022" elapsed="0.000087"/>
</kw>
<var name="${n}">Gani</var>
<status status="PASS" start="2025-03-27T20:35:49.843976" elapsed="0.000159"/>
</iter>
<iter>
<kw name="Log To Console" owner="BuiltIn">
<arg>${n}</arg>
<doc>Logs the given message to the console.</doc>
<status status="PASS" start="2025-03-27T20:35:49.844226" elapsed="0.000086"/>
</kw>
<var name="${n}">Ishika</var>
<status status="PASS" start="2025-03-27T20:35:49.844180" elapsed="0.000158"/>
</iter>
<var>${n}</var>
<value>@{names}</value>
<status status="PASS" start="2025-03-27T20:35:49.843397" elapsed="0.000963"/>
</for>
<status status="PASS" start="2025-03-27T20:35:49.843097" elapsed="0.001325"/>
</test>
<test id="s1-s3-t5" name="forLoopWithExit" line="30">
<kw name="Create List" owner="BuiltIn">
<msg time="2025-03-27T20:35:49.844759" level="INFO">@{items} = [ 22 | 23 | 33 | 55 ]</msg>
<var>@{items}</var>
<arg>22</arg>
<arg>23</arg>
<arg>33</arg>
<arg>55</arg>
<doc>Returns a list containing given items.</doc>
<status status="PASS" start="2025-03-27T20:35:49.844661" elapsed="0.000115"/>
</kw>
<for flavor="IN">
<iter>
<kw name="Log To Console" owner="BuiltIn">
<arg>${n}</arg>
<doc>Logs the given message to the console.</doc>
<status status="PASS" start="2025-03-27T20:35:49.844942" elapsed="0.000090"/>
</kw>
<kw name="Exit For Loop If" owner="BuiltIn">
<arg>${n}==33</arg>
<doc>Stops executing the enclosing FOR loop if the ``condition`` is true.</doc>
<status status="PASS" start="2025-03-27T20:35:49.845089" elapsed="0.000148"/>
</kw>
<var name="${n}">22</var>
<status status="PASS" start="2025-03-27T20:35:49.844891" elapsed="0.000375"/>
</iter>
<iter>
<kw name="Log To Console" owner="BuiltIn">
<arg>${n}</arg>
<doc>Logs the given message to the console.</doc>
<status status="PASS" start="2025-03-27T20:35:49.845367" elapsed="0.000091"/>
</kw>
<kw name="Exit For Loop If" owner="BuiltIn">
<arg>${n}==33</arg>
<doc>Stops executing the enclosing FOR loop if the ``condition`` is true.</doc>
<status status="PASS" start="2025-03-27T20:35:49.845513" elapsed="0.000111"/>
</kw>
<var name="${n}">23</var>
<status status="PASS" start="2025-03-27T20:35:49.845319" elapsed="0.000332"/>
</iter>
<iter>
<kw name="Log To Console" owner="BuiltIn">
<arg>${n}</arg>
<doc>Logs the given message to the console.</doc>
<status status="PASS" start="2025-03-27T20:35:49.845747" elapsed="0.000086"/>
</kw>
<kw name="Exit For Loop If" owner="BuiltIn">
<msg time="2025-03-27T20:35:49.845993" level="INFO">Exiting for loop altogether.</msg>
<arg>${n}==33</arg>
<doc>Stops executing the enclosing FOR loop if the ``condition`` is true.</doc>
<status status="PASS" start="2025-03-27T20:35:49.845887" elapsed="0.000218"/>
</kw>
<var name="${n}">33</var>
<status status="PASS" start="2025-03-27T20:35:49.845701" elapsed="0.000436"/>
</iter>
<var>${n}</var>
<value>@{items}</value>
<status status="PASS" start="2025-03-27T20:35:49.844818" elapsed="0.001344"/>
</for>
<status status="PASS" start="2025-03-27T20:35:49.844518" elapsed="0.001711"/>
</test>
<status status="PASS" start="2025-03-27T20:35:49.835462" elapsed="0.010989"/>
</suite>
<suite id="s1-s4" name="Second" source="/Users/devayanaimohanty/Desktop/Python_Project/Python_robot/TestCases/second.robot">
<test id="s1-s4-t1" name="demo" line="12">
<kw name="Set Selenium Timeout" owner="SeleniumLibrary">
<arg>5</arg>
<doc>Sets the timeout that is used by various keywords.</doc>
<status status="PASS" start="2025-03-27T20:35:50.060953" elapsed="0.000198"/>
</kw>
<kw name="Open Browser" owner="SeleniumLibrary">
<msg time="2025-03-27T20:35:50.061394" level="INFO">Opening browser 'headlessChrome' to base url 'https://demoqa.com/elements'.</msg>
<arg>${url}</arg>
<arg>${browser}</arg>
<doc>Opens a new browser instance to the optional ``url``.</doc>
<status status="PASS" start="2025-03-27T20:35:50.061252" elapsed="2.332212"/>
</kw>
<kw name="Maximize Browser Window" owner="SeleniumLibrary">
<doc>Maximizes current browser window.</doc>
<status status="PASS" start="2025-03-27T20:35:52.395427" elapsed="0.029417"/>
</kw>
<kw name="Title Should Be" owner="SeleniumLibrary">
<msg time="2025-03-27T20:35:52.439156" level="INFO">Page title is 'DEMOQA'.</msg>
<arg>DEMOQA</arg>
<doc>Verifies that the current page title equals ``title``.</doc>
<status status="PASS" start="2025-03-27T20:35:52.425246" elapsed="0.014201"/>
</kw>
<kw name="Click Element" owner="SeleniumLibrary">
<msg time="2025-03-27T20:35:52.441351" level="INFO">Clicking element 'xpath:(//li[@id='item-0'])[1]'.</msg>
<arg>xpath:(//li[@id='item-0'])[1]</arg>
<doc>Click the element identified by ``locator``.</doc>
<status status="PASS" start="2025-03-27T20:35:52.439996" elapsed="0.144378"/>
</kw>
<kw name="Input Text" owner="SeleniumLibrary">
<msg time="2025-03-27T20:35:52.588764" level="INFO">Typing text 'Navin' into text field 'id:userName'.</msg>
<arg>id:userName</arg>
<arg>Navin</arg>
<doc>Types the given ``text`` into the text field identified by ``locator``.</doc>
<status status="PASS" start="2025-03-27T20:35:52.588072" elapsed="0.319976"/>
</kw>
<kw name="Input Text" owner="SeleniumLibrary">
<msg time="2025-03-27T20:35:52.909103" level="INFO">Typing text 'navin@gmail.com' into text field 'id:userEmail'.</msg>
<arg>id:userEmail</arg>
<arg>navin@gmail.com</arg>
<doc>Types the given ``text`` into the text field identified by ``locator``.</doc>
<status status="PASS" start="2025-03-27T20:35:52.908563" elapsed="0.066867"/>
</kw>
<kw name="Click Element" owner="SeleniumLibrary">
<msg time="2025-03-27T20:35:52.975821" level="INFO">Clicking element 'xpath:(//li[@id='item-1'])[1]'.</msg>
<arg>xpath:(//li[@id='item-1'])[1]</arg>
<doc>Click the element identified by ``locator``.</doc>
<status status="PASS" start="2025-03-27T20:35:52.975601" elapsed="0.051424"/>
</kw>
<kw name="Sleep" owner="BuiltIn">
<msg time="2025-03-27T20:35:55.031906" level="INFO">Slept 2 seconds.</msg>
<arg>2</arg>
<doc>Pauses the test executed for the given time.</doc>
<status status="PASS" start="2025-03-27T20:35:53.027207" elapsed="2.007704"/>
</kw>
<kw name="Sleep" owner="BuiltIn">
<msg time="2025-03-27T20:35:57.046877" level="INFO">Slept 2 seconds.</msg>
<arg>2</arg>
<doc>Pauses the test executed for the given time.</doc>
<status status="PASS" start="2025-03-27T20:35:55.045291" elapsed="2.001820"/>
</kw>
<kw name="Click Element" owner="SeleniumLibrary">
<msg time="2025-03-27T20:35:57.048477" level="INFO">Clicking element 'xpath:(//li[@id='item-4'])[1]'.</msg>
<arg>xpath:(//li[@id='item-4'])[1]</arg>
<doc>Click the element identified by ``locator``.</doc>
<status status="PASS" start="2025-03-27T20:35:57.047523" elapsed="0.062793"/>
</kw>
<kw name="Sleep" owner="BuiltIn">
<msg time="2025-03-27T20:35:59.111832" level="INFO">Slept 2 seconds.</msg>
<arg>2</arg>
<doc>Pauses the test executed for the given time.</doc>
<status status="PASS" start="2025-03-27T20:35:57.110682" elapsed="2.002020"/>
</kw>
<kw name="Double Click Element" owner="SeleniumLibrary">
<msg time="2025-03-27T20:35:59.114739" level="INFO">Double clicking element 'xpath://button[@id='doubleClickBtn']'.</msg>
<arg>xpath://button[@id='doubleClickBtn']</arg>
<doc>Double clicks the element identified by ``locator``.</doc>
<status status="PASS" start="2025-03-27T20:35:59.113748" elapsed="0.299676"/>
</kw>
<kw name="Sleep" owner="BuiltIn">
<msg time="2025-03-27T20:36:03.417563" level="INFO">Slept 4 seconds.</msg>
<arg>4</arg>
<doc>Pauses the test executed for the given time.</doc>
<status status="PASS" start="2025-03-27T20:35:59.413760" elapsed="4.006441"/>
</kw>
<kw name="Open Context Menu" owner="SeleniumLibrary">
<arg>xpath://button[@id='rightClickBtn']</arg>
<doc>Opens the context menu on the element identified by ``locator``.</doc>
<status status="PASS" start="2025-03-27T20:36:03.421757" elapsed="0.284289"/>
</kw>
<kw name="Sleep" owner="BuiltIn">
<msg time="2025-03-27T20:36:07.709016" level="INFO">Slept 4 seconds.</msg>
<arg>4</arg>
<doc>Pauses the test executed for the given time.</doc>
<status status="PASS" start="2025-03-27T20:36:03.706298" elapsed="4.006366"/>
</kw>
<kw name="Close Browser" owner="SeleniumLibrary">
<doc>Closes the current browser.</doc>
<status status="PASS" start="2025-03-27T20:36:07.714678" elapsed="0.105562"/>
</kw>
<status status="PASS" start="2025-03-27T20:35:50.060293" elapsed="17.760126"/>
</test>
<status status="PASS" start="2025-03-27T20:35:49.966372" elapsed="17.854431"/>
</suite>
<suite id="s1-s5" name="getAllLinks" source="/Users/devayanaimohanty/Desktop/Python_Project/Python_robot/TestCases/getAllLinks.robot">
<test id="s1-s5-t1" name="getLinksall" line="5">
<kw name="Open Browser" owner="SeleniumLibrary">
<msg time="2025-03-27T20:35:50.375563" level="INFO">Opening browser 'headlessChrome' to base url 'https://demoqa.com/links'.</msg>
<arg>https://demoqa.com/links</arg>
<arg>headlessChrome</arg>
<doc>Opens a new browser instance to the optional ``url``.</doc>
<status status="PASS" start="2025-03-27T20:35:50.374706" elapsed="2.098335"/>
</kw>
<kw name="Maximize Browser Window" owner="SeleniumLibrary">
<doc>Maximizes current browser window.</doc>
<status status="PASS" start="2025-03-27T20:35:52.475487" elapsed="0.031858"/>
</kw>
<kw name="Sleep" owner="BuiltIn">
<msg time="2025-03-27T20:35:55.512068" level="INFO">Slept 3 seconds.</msg>
<arg>3</arg>
<doc>Pauses the test executed for the given time.</doc>
<status status="PASS" start="2025-03-27T20:35:52.508127" elapsed="3.006579"/>
</kw>
<kw name="Get Element Count" owner="SeleniumLibrary">
<msg time="2025-03-27T20:35:55.549577" level="INFO">${allLinks} = 12</msg>
<var>${allLinks}</var>
<arg>xpath://a</arg>
<doc>Returns the number of elements matching ``locator``.</doc>
<status status="PASS" start="2025-03-27T20:35:55.516845" elapsed="0.032812"/>
</kw>
<kw name="Log To Console" owner="BuiltIn">
<arg>${allLinks}</arg>
<doc>Logs the given message to the console.</doc>
<status status="PASS" start="2025-03-27T20:35:55.549961" elapsed="0.000440"/>
</kw>
<kw name="Create List" owner="BuiltIn">
<msg time="2025-03-27T20:35:55.550775" level="INFO">${links} = []</msg>
<var>${links}</var>
<doc>Returns a list containing given items.</doc>
<status status="PASS" start="2025-03-27T20:35:55.550568" elapsed="0.000249"/>
</kw>
<for flavor="IN RANGE">
<iter>
<kw name="Get Text" owner="SeleniumLibrary">
<msg time="2025-03-27T20:35:55.571485" level="INFO">${individual} = </msg>
<var>${individual}</var>
<arg>xpath:(//a)[${i}+1]</arg>
<doc>Returns the text value of the element identified by ``locator``.</doc>
<status status="PASS" start="2025-03-27T20:35:55.551696" elapsed="0.019846"/>
</kw>
<kw name="Log To Console" owner="BuiltIn">
<arg>${individual}</arg>
<doc>Logs the given message to the console.</doc>
<status status="PASS" start="2025-03-27T20:35:55.571751" elapsed="0.000313"/>
</kw>
<var name="${i}">0</var>
<status status="PASS" start="2025-03-27T20:35:55.551502" elapsed="0.020621"/>
</iter>
<iter>
<kw name="Get Text" owner="SeleniumLibrary">
<msg time="2025-03-27T20:35:55.584958" level="INFO">${individual} = </msg>
<var>${individual}</var>
<arg>xpath:(//a)[${i}+1]</arg>
<doc>Returns the text value of the element identified by ``locator``.</doc>
<status status="PASS" start="2025-03-27T20:35:55.572375" elapsed="0.012636"/>
</kw>
<kw name="Log To Console" owner="BuiltIn">
<arg>${individual}</arg>
<doc>Logs the given message to the console.</doc>
<status status="PASS" start="2025-03-27T20:35:55.585189" elapsed="0.000279"/>
</kw>
<var name="${i}">1</var>
<status status="PASS" start="2025-03-27T20:35:55.572261" elapsed="0.013255"/>
</iter>
<iter>
<kw name="Get Text" owner="SeleniumLibrary">
<msg time="2025-03-27T20:35:55.596854" level="INFO">${individual} = Home</msg>
<var>${individual}</var>
<arg>xpath:(//a)[${i}+1]</arg>
<doc>Returns the text value of the element identified by ``locator``.</doc>
<status status="PASS" start="2025-03-27T20:35:55.585720" elapsed="0.011175"/>
</kw>
<kw name="Log To Console" owner="BuiltIn">
<arg>${individual}</arg>
<doc>Logs the given message to the console.</doc>
<status status="PASS" start="2025-03-27T20:35:55.597034" elapsed="0.000228"/>
</kw>
<var name="${i}">2</var>
<status status="PASS" start="2025-03-27T20:35:55.585622" elapsed="0.011682"/>
</iter>
<iter>
<kw name="Get Text" owner="SeleniumLibrary">
<msg time="2025-03-27T20:35:55.607021" level="INFO">${individual} = HomeY6hvy</msg>
<var>${individual}</var>
<arg>xpath:(//a)[${i}+1]</arg>
<doc>Returns the text value of the element identified by ``locator``.</doc>
<status status="PASS" start="2025-03-27T20:35:55.597485" elapsed="0.009574"/>
</kw>
<kw name="Log To Console" owner="BuiltIn">
<arg>${individual}</arg>
<doc>Logs the given message to the console.</doc>
<status status="PASS" start="2025-03-27T20:35:55.607183" elapsed="0.000199"/>
</kw>
<var name="${i}">3</var>
<status status="PASS" start="2025-03-27T20:35:55.597399" elapsed="0.010022"/>
</iter>
<iter>
<kw name="Get Text" owner="SeleniumLibrary">
<msg time="2025-03-27T20:35:55.616280" level="INFO">${individual} = Created</msg>
<var>${individual}</var>
<arg>xpath:(//a)[${i}+1]</arg>
<doc>Returns the text value of the element identified by ``locator``.</doc>
<status status="PASS" start="2025-03-27T20:35:55.607579" elapsed="0.008735"/>
</kw>
<kw name="Log To Console" owner="BuiltIn">
<arg>${individual}</arg>
<doc>Logs the given message to the console.</doc>
<status status="PASS" start="2025-03-27T20:35:55.616428" elapsed="0.000180"/>
</kw>
<var name="${i}">4</var>
<status status="PASS" start="2025-03-27T20:35:55.607503" elapsed="0.009141"/>
</iter>
<iter>
<kw name="Get Text" owner="SeleniumLibrary">
<msg time="2025-03-27T20:35:55.626114" level="INFO">${individual} = No Content</msg>
<var>${individual}</var>
<arg>xpath:(//a)[${i}+1]</arg>
<doc>Returns the text value of the element identified by ``locator``.</doc>
<status status="PASS" start="2025-03-27T20:35:55.616793" elapsed="0.009356"/>
</kw>
<kw name="Log To Console" owner="BuiltIn">
<arg>${individual}</arg>
<doc>Logs the given message to the console.</doc>
<status status="PASS" start="2025-03-27T20:35:55.626267" elapsed="0.000183"/>
</kw>
<var name="${i}">5</var>
<status status="PASS" start="2025-03-27T20:35:55.616721" elapsed="0.009763"/>
</iter>
<iter>
<kw name="Get Text" owner="SeleniumLibrary">
<msg time="2025-03-27T20:35:55.634930" level="INFO">${individual} = Moved</msg>
<var>${individual}</var>
<arg>xpath:(//a)[${i}+1]</arg>
<doc>Returns the text value of the element identified by ``locator``.</doc>
<status status="PASS" start="2025-03-27T20:35:55.626627" elapsed="0.008337"/>
</kw>
<kw name="Log To Console" owner="BuiltIn">
<arg>${individual}</arg>
<doc>Logs the given message to the console.</doc>
<status status="PASS" start="2025-03-27T20:35:55.635075" elapsed="0.000185"/>
</kw>
<var name="${i}">6</var>
<status status="PASS" start="2025-03-27T20:35:55.626559" elapsed="0.008737"/>
</iter>
<iter>
<kw name="Get Text" owner="SeleniumLibrary">
<msg time="2025-03-27T20:35:55.643681" level="INFO">${individual} = Bad Request</msg>
<var>${individual}</var>
<arg>xpath:(//a)[${i}+1]</arg>
<doc>Returns the text value of the element identified by ``locator``.</doc>
<status status="PASS" start="2025-03-27T20:35:55.635438" elapsed="0.008277"/>
</kw>
<kw name="Log To Console" owner="BuiltIn">
<arg>${individual}</arg>
<doc>Logs the given message to the console.</doc>
<status status="PASS" start="2025-03-27T20:35:55.643828" elapsed="0.000174"/>
</kw>
<var name="${i}">7</var>
<status status="PASS" start="2025-03-27T20:35:55.635370" elapsed="0.008666"/>
</iter>
<iter>
<kw name="Get Text" owner="SeleniumLibrary">
<msg time="2025-03-27T20:35:55.652572" level="INFO">${individual} = Unauthorized</msg>
<var>${individual}</var>
<arg>xpath:(//a)[${i}+1]</arg>
<doc>Returns the text value of the element identified by ``locator``.</doc>
<status status="PASS" start="2025-03-27T20:35:55.644176" elapsed="0.008455"/>
</kw>
<kw name="Log To Console" owner="BuiltIn">
<arg>${individual}</arg>
<doc>Logs the given message to the console.</doc>
<status status="PASS" start="2025-03-27T20:35:55.652845" elapsed="0.000246"/>
</kw>
<var name="${i}">8</var>
<status status="PASS" start="2025-03-27T20:35:55.644109" elapsed="0.009025"/>
</iter>
<iter>
<kw name="Get Text" owner="SeleniumLibrary">
<msg time="2025-03-27T20:35:55.661568" level="INFO">${individual} = Forbidden</msg>
<var>${individual}</var>
<arg>xpath:(//a)[${i}+1]</arg>
<doc>Returns the text value of the element identified by ``locator``.</doc>
<status status="PASS" start="2025-03-27T20:35:55.653276" elapsed="0.008328"/>
</kw>
<kw name="Log To Console" owner="BuiltIn">
<arg>${individual}</arg>
<doc>Logs the given message to the console.</doc>
<status status="PASS" start="2025-03-27T20:35:55.661834" elapsed="0.000221"/>
</kw>
<var name="${i}">9</var>
<status status="PASS" start="2025-03-27T20:35:55.653210" elapsed="0.008879"/>
</iter>
<iter>
<kw name="Get Text" owner="SeleniumLibrary">
<msg time="2025-03-27T20:35:55.670262" level="INFO">${individual} = Not Found</msg>
<var>${individual}</var>
<arg>xpath:(//a)[${i}+1]</arg>
<doc>Returns the text value of the element identified by ``locator``.</doc>
<status status="PASS" start="2025-03-27T20:35:55.662240" elapsed="0.008086"/>
</kw>
<kw name="Log To Console" owner="BuiltIn">
<arg>${individual}</arg>
<doc>Logs the given message to the console.</doc>
<status status="PASS" start="2025-03-27T20:35:55.670532" elapsed="0.000188"/>
</kw>
<var name="${i}">10</var>
<status status="PASS" start="2025-03-27T20:35:55.662170" elapsed="0.008586"/>
</iter>
<iter>
<kw name="Get Text" owner="SeleniumLibrary">
<msg time="2025-03-27T20:35:55.678967" level="INFO">${individual} = </msg>
<var>${individual}</var>
<arg>xpath:(//a)[${i}+1]</arg>
<doc>Returns the text value of the element identified by ``locator``.</doc>
<status status="PASS" start="2025-03-27T20:35:55.670906" elapsed="0.008098"/>
</kw>
<kw name="Log To Console" owner="BuiltIn">
<arg>${individual}</arg>
<doc>Logs the given message to the console.</doc>
<status status="PASS" start="2025-03-27T20:35:55.679128" elapsed="0.000182"/>
</kw>
<var name="${i}">11</var>
<status status="PASS" start="2025-03-27T20:35:55.670833" elapsed="0.008513"/>
</iter>
<var>${i}</var>
<value>${allLinks}</value>
<status status="PASS" start="2025-03-27T20:35:55.550996" elapsed="0.128386"/>
</for>
<status status="PASS" start="2025-03-27T20:35:50.372832" elapsed="5.306656"/>
</test>
<status status="PASS" start="2025-03-27T20:35:50.237724" elapsed="5.442072"/>
</suite>
<suite id="s1-s6" name="loginTest" source="/Users/devayanaimohanty/Desktop/Python_Project/Python_robot/TestCases/loginTest.robot">
<test id="s1-s6-t1" name="LoginTest" line="12">
<kw name="Open my browser" owner="demoLogin">
<kw name="Open Browser" owner="SeleniumLibrary">
<msg time="2025-03-27T20:35:56.207301" level="INFO">Opening browser 'headlesschrome' to base url 'https://demo.guru99.com/test/newtours/index.php'.</msg>
<arg>${url}</arg>
<arg>${browser}</arg>
<doc>Opens a new browser instance to the optional ``url``.</doc>
<status status="PASS" start="2025-03-27T20:35:56.207096" elapsed="1.540039"/>
</kw>
<kw name="Maximize Browser Window" owner="SeleniumLibrary">
<doc>Maximizes current browser window.</doc>
<status status="PASS" start="2025-03-27T20:35:57.748208" elapsed="0.019825"/>
</kw>
<arg>${url}</arg>
<arg>${browser}</arg>
<status status="PASS" start="2025-03-27T20:35:56.206579" elapsed="1.561594"/>
</kw>
<kw name="Enter username" owner="demoLogin">
<kw name="Input Text" owner="SeleniumLibrary">
<msg time="2025-03-27T20:35:57.770205" level="INFO">Typing text 'tutorial' into text field 'xpath://input[@name='userName']'.</msg>
<arg>${input_username}</arg>
<arg>${username}</arg>
<doc>Types the given ``text`` into the text field identified by ``locator``.</doc>
<status status="PASS" start="2025-03-27T20:35:57.769739" elapsed="0.090135"/>
</kw>
<arg>${username}</arg>
<status status="PASS" start="2025-03-27T20:35:57.768797" elapsed="0.091197"/>
</kw>
<kw name="Enter password" owner="demoLogin">
<kw name="Input Text" owner="SeleniumLibrary">
<msg time="2025-03-27T20:35:57.860633" level="INFO">Typing text 'tutorial' into text field 'xpath://input[@name='password']'.</msg>
<arg>${input_password}</arg>
<arg>${password}</arg>
<doc>Types the given ``text`` into the text field identified by ``locator``.</doc>
<status status="PASS" start="2025-03-27T20:35:57.860453" elapsed="0.040432"/>
</kw>
<arg>${password}</arg>
<status status="PASS" start="2025-03-27T20:35:57.860142" elapsed="0.040941"/>
</kw>
<kw name="Click signIn" owner="demoLogin">
<kw name="Click Element" owner="SeleniumLibrary">
<msg time="2025-03-27T20:35:57.902623" level="INFO">Clicking element 'xpath://input[@name='submit']'.</msg>
<arg>${btn_login}</arg>
<doc>Click the element identified by ``locator``.</doc>
<status status="PASS" start="2025-03-27T20:35:57.901592" elapsed="0.918207"/>
</kw>
<status status="PASS" start="2025-03-27T20:35:57.901307" elapsed="0.918779"/>
</kw>
<kw name="Sleep" owner="BuiltIn">
<msg time="2025-03-27T20:36:01.822859" level="INFO">Slept 3 seconds.</msg>
<arg>3</arg>
<doc>Pauses the test executed for the given time.</doc>
<status status="PASS" start="2025-03-27T20:35:58.820394" elapsed="3.002772"/>
</kw>
<kw name="verify login success" owner="demoLogin">
<kw name="Title Should Be" owner="SeleniumLibrary">
<msg time="2025-03-27T20:36:01.827147" level="INFO">Page title is 'Login: Mercury Tours'.</msg>
<arg>Login: Mercury Tours</arg>
<doc>Verifies that the current page title equals ``title``.</doc>
<status status="PASS" start="2025-03-27T20:36:01.823865" elapsed="0.003348"/>
</kw>
<status status="PASS" start="2025-03-27T20:36:01.823537" elapsed="0.003760"/>
</kw>
<kw name="Sleep" owner="BuiltIn">
<msg time="2025-03-27T20:36:03.829984" level="INFO">Slept 2 seconds.</msg>
<arg>2</arg>
<doc>Pauses the test executed for the given time.</doc>
<status status="PASS" start="2025-03-27T20:36:01.827393" elapsed="2.002961"/>
</kw>
<kw name="close my browser" owner="demoLogin">
<kw name="Close All Browsers" owner="SeleniumLibrary">
<doc>Closes all open browsers and resets the browser cache.</doc>
<status status="PASS" start="2025-03-27T20:36:03.831711" elapsed="0.078812"/>
</kw>
<status status="PASS" start="2025-03-27T20:36:03.830953" elapsed="0.079774"/>
</kw>
<status status="PASS" start="2025-03-27T20:35:56.206229" elapsed="7.704674"/>
</test>
<status status="PASS" start="2025-03-27T20:35:56.113717" elapsed="7.797730"/>
</suite>
<doc>[https://pabot.org/?ref=log|Pabot] result from 6 executions.</doc>
<status status="PASS" start="2025-03-27T20:35:47.054000" elapsed="20.767000"/>
</suite>
<statistics>
<total>
<stat pass="11" fail="0" skip="0">All Tests</stat>
</total>
<tag>
</tag>
<suite>
<stat name="Suites" id="s1" pass="11" fail="0" skip="0">Suites</stat>
<stat name="Datadriven" id="s1-s1" pass="2" fail="0" skip="0">Suites.Datadriven</stat>
<stat name="First" id="s1-s2" pass="1" fail="0" skip="0">Suites.First</stat>
<stat name="Forloop" id="s1-s3" pass="5" fail="0" skip="0">Suites.Forloop</stat>
<stat name="Second" id="s1-s4" pass="1" fail="0" skip="0">Suites.Second</stat>
<stat name="getAllLinks" id="s1-s5" pass="1" fail="0" skip="0">Suites.getAllLinks</stat>
<stat name="loginTest" id="s1-s6" pass="1" fail="0" skip="0">Suites.loginTest</stat>
</suite>
</statistics>
<errors>
</errors>
</robot>
