<?xml version="1.0" encoding="UTF-8"?>
<robot generator="Rebot 7.2.2 (Python 3.9.6 on darwin)" generated="2025-03-24T18:43:06.618862" rpa="false" schemaversion="5">
<suite id="s1" name="Suites">
<suite id="s1-s1" name="Datadriven" source="/Users/devayanaimohanty/Desktop/Python_Project/Python_robot/TestCases/datadriven.robot">
<kw name="open my browser" owner="loginFile" type="SETUP">
<kw name="Open Browser" owner="SeleniumLibrary">
<msg time="2025-03-24T18:42:44.170626" level="INFO">Opening browser 'headlesschrome' to base url 'https://admin-demo.nopcommerce.com/login?ReturnUrl=%2Fadmin%2F'.</msg>
<arg>${url}</arg>
<arg>${browser}</arg>
<doc>Opens a new browser instance to the optional ``url``.</doc>
<status status="PASS" start="2025-03-24T18:42:44.170457" elapsed="2.916434"/>
</kw>
<kw name="Maximize Browser Window" owner="SeleniumLibrary">
<doc>Maximizes current browser window.</doc>
<status status="PASS" start="2025-03-24T18:42:47.088562" elapsed="0.018904"/>
</kw>
<status status="PASS" start="2025-03-24T18:42:44.170019" elapsed="2.938512"/>
</kw>
<test id="s1-s1-t1" name="Test1" line="10">
<kw name="invalid input tests">
<kw name="Close All Browsers" owner="SeleniumLibrary">
<doc>Closes all open browsers and resets the browser cache.</doc>
<status status="PASS" start="2025-03-24T18:42:47.113568" elapsed="0.075873"/>
</kw>
<arg>admin@yourstore.com</arg>
<arg>admin</arg>
<status status="PASS" start="2025-03-24T18:42:47.113065" elapsed="0.076488"/>
</kw>
<status status="PASS" start="2025-03-24T18:42:47.111124" elapsed="0.078546"/>
</test>
<test id="s1-s1-t2" name="Test2" line="11">
<kw name="invalid input tests">
<kw name="Close All Browsers" owner="SeleniumLibrary">
<doc>Closes all open browsers and resets the browser cache.</doc>
<status status="PASS" start="2025-03-24T18:42:47.190327" elapsed="0.000110"/>
</kw>
<arg>adminn@yourstore.com</arg>
<arg>admin</arg>
<status status="PASS" start="2025-03-24T18:42:47.190099" elapsed="0.000389"/>
</kw>
<status status="PASS" start="2025-03-24T18:42:47.189868" elapsed="0.000692"/>
</test>
<kw name="close my browser" owner="loginFile" type="TEARDOWN">
<kw name="Close All Browsers" owner="SeleniumLibrary">
<doc>Closes all open browsers and resets the browser cache.</doc>
<status status="PASS" start="2025-03-24T18:42:47.191017" elapsed="0.000099"/>
</kw>
<status status="PASS" start="2025-03-24T18:42:47.190896" elapsed="0.000265"/>
</kw>
<status status="PASS" start="2025-03-24T18:42:44.061000" elapsed="3.018000"/>
</suite>
<suite id="s1-s2" name="First" source="/Users/devayanaimohanty/Desktop/Python_Project/Python_robot/TestCases/first.robot">
<test id="s1-s2-t1" name="Open Google" line="8">
<kw name="Open Browser" owner="SeleniumLibrary">
<msg time="2025-03-24T18:42:44.168691" level="INFO">Opening browser 'headlessChrome' to base url 'https://www.google.com'.</msg>
<arg>${URL}</arg>
<arg>${Browser}</arg>
<doc>Opens a new browser instance to the optional ``url``.</doc>
<status status="PASS" start="2025-03-24T18:42:44.168505" elapsed="3.159545"/>
</kw>
<kw name="Title Should Be" owner="SeleniumLibrary">
<msg time="2025-03-24T18:42:47.333507" level="INFO">Page title is 'Google'.</msg>
<arg>Google</arg>
<doc>Verifies that the current page title equals ``title``.</doc>
<status status="PASS" start="2025-03-24T18:42:47.328821" elapsed="0.004763"/>
</kw>
<kw name="Close Browser" owner="SeleniumLibrary">
<doc>Closes the current browser.</doc>
<status status="PASS" start="2025-03-24T18:42:47.333713" elapsed="0.072579"/>
</kw>
<status status="PASS" start="2025-03-24T18:42:44.167893" elapsed="3.238590"/>
</test>
<status status="PASS" start="2025-03-24T18:42:44.061298" elapsed="3.345574"/>
</suite>
<suite id="s1-s3" name="Forloop" source="/Users/devayanaimohanty/Desktop/Python_Project/Python_robot/TestCases/forloop.robot">
<test id="s1-s3-t1" name="forLoop1" line="3">
<for flavor="IN RANGE">
<iter>
<kw name="Log To Console" owner="BuiltIn">
<arg>${i}</arg>
<doc>Logs the given message to the console.</doc>
<status status="PASS" start="2025-03-24T18:42:47.584127" elapsed="0.000128"/>
</kw>
<var name="${i}">1</var>
<status status="PASS" start="2025-03-24T18:42:47.583845" elapsed="0.000452"/>
</iter>
<iter>
<kw name="Log To Console" owner="BuiltIn">
<arg>${i}</arg>
<doc>Logs the given message to the console.</doc>
<status status="PASS" start="2025-03-24T18:42:47.584405" elapsed="0.000099"/>
</kw>
<var name="${i}">2</var>
<status status="PASS" start="2025-03-24T18:42:47.584352" elapsed="0.000182"/>
</iter>
<iter>
<kw name="Log To Console" owner="BuiltIn">
<arg>${i}</arg>
<doc>Logs the given message to the console.</doc>
<status status="PASS" start="2025-03-24T18:42:47.584633" elapsed="0.000092"/>
</kw>
<var name="${i}">3</var>
<status status="PASS" start="2025-03-24T18:42:47.584584" elapsed="0.000168"/>
</iter>
<iter>
<kw name="Log To Console" owner="BuiltIn">
<arg>${i}</arg>
<doc>Logs the given message to the console.</doc>
<status status="PASS" start="2025-03-24T18:42:47.584857" elapsed="0.000091"/>
</kw>
<var name="${i}">4</var>
<status status="PASS" start="2025-03-24T18:42:47.584805" elapsed="0.000170"/>
</iter>
<iter>
<kw name="Log To Console" owner="BuiltIn">
<arg>${i}</arg>
<doc>Logs the given message to the console.</doc>
<status status="PASS" start="2025-03-24T18:42:47.585076" elapsed="0.000092"/>
</kw>
<var name="${i}">5</var>
<status status="PASS" start="2025-03-24T18:42:47.585026" elapsed="0.000167"/>
</iter>
<iter>
<kw name="Log To Console" owner="BuiltIn">
<arg>${i}</arg>
<doc>Logs the given message to the console.</doc>
<status status="PASS" start="2025-03-24T18:42:47.585286" elapsed="0.000090"/>
</kw>
<var name="${i}">6</var>
<status status="PASS" start="2025-03-24T18:42:47.585240" elapsed="0.000163"/>
</iter>
<iter>
<kw name="Log To Console" owner="BuiltIn">
<arg>${i}</arg>
<doc>Logs the given message to the console.</doc>
<status status="PASS" start="2025-03-24T18:42:47.585496" elapsed="0.000091"/>
</kw>
<var name="${i}">7</var>
<status status="PASS" start="2025-03-24T18:42:47.585451" elapsed="0.000163"/>
</iter>
<iter>
<kw name="Log To Console" owner="BuiltIn">
<arg>${i}</arg>
<doc>Logs the given message to the console.</doc>
<status status="PASS" start="2025-03-24T18:42:47.585706" elapsed="0.000089"/>
</kw>
<var name="${i}">8</var>
<status status="PASS" start="2025-03-24T18:42:47.585659" elapsed="0.000161"/>
</iter>
<iter>
<kw name="Log To Console" owner="BuiltIn">
<arg>${i}</arg>
<doc>Logs the given message to the console.</doc>
<status status="PASS" start="2025-03-24T18:42:47.585915" elapsed="0.000083"/>
</kw>
<var name="${i}">9</var>
<status status="PASS" start="2025-03-24T18:42:47.585867" elapsed="0.000156"/>
</iter>
<var>${i}</var>
<value>1</value>
<value>10</value>
<status status="PASS" start="2025-03-24T18:42:47.583718" elapsed="0.002326"/>
</for>
<status status="PASS" start="2025-03-24T18:42:47.583525" elapsed="0.002596"/>
</test>
<test id="s1-s3-t2" name="forloop2" line="10">
<for flavor="IN">
<iter>
<kw name="Log To Console" owner="BuiltIn">
<arg>${j}</arg>
<doc>Logs the given message to the console.</doc>
<status status="PASS" start="2025-03-24T18:42:47.586470" elapsed="0.000493"/>
</kw>
<var name="${j}">1</var>
<status status="PASS" start="2025-03-24T18:42:47.586420" elapsed="0.000574"/>
</iter>
<iter>
<kw name="Log To Console" owner="BuiltIn">
<arg>${j}</arg>
<doc>Logs the given message to the console.</doc>
<status status="PASS" start="2025-03-24T18:42:47.587099" elapsed="0.000088"/>
</kw>
<var name="${j}">2</var>
<status status="PASS" start="2025-03-24T18:42:47.587048" elapsed="0.000166"/>
</iter>
<iter>
<kw name="Log To Console" owner="BuiltIn">
<arg>${j}</arg>
<doc>Logs the given message to the console.</doc>
<status status="PASS" start="2025-03-24T18:42:47.587307" elapsed="0.000090"/>
</kw>
<var name="${j}">3</var>
<status status="PASS" start="2025-03-24T18:42:47.587261" elapsed="0.000164"/>
</iter>
<iter>
<kw name="Log To Console" owner="BuiltIn">
<arg>${j}</arg>
<doc>Logs the given message to the console.</doc>
<status status="PASS" start="2025-03-24T18:42:47.587522" elapsed="0.000090"/>
</kw>
<var name="${j}">4</var>
<status status="PASS" start="2025-03-24T18:42:47.587473" elapsed="0.000165"/>
</iter>
<iter>
<kw name="Log To Console" owner="BuiltIn">
<arg>${j}</arg>
<doc>Logs the given message to the console.</doc>
<status status="PASS" start="2025-03-24T18:42:47.587728" elapsed="0.000091"/>
</kw>
<var name="${j}">5</var>
<status status="PASS" start="2025-03-24T18:42:47.587683" elapsed="0.000163"/>
</iter>
<var>${j}</var>
<value>1</value>
<value>2</value>
<value>3</value>
<value>4</value>
<value>5</value>
<status status="PASS" start="2025-03-24T18:42:47.586353" elapsed="0.001516"/>
</for>
<status status="PASS" start="2025-03-24T18:42:47.586230" elapsed="0.001711"/>
</test>
<test id="s1-s3-t3" name="forloop3List" line="17">
<kw name="Create List" owner="BuiltIn">
<msg time="2025-03-24T18:42:47.588288" level="INFO">@{items} = [ 22 | 23 | 33 | 55 ]</msg>
<var>@{items}</var>
<arg>22</arg>
<arg>23</arg>
<arg>33</arg>
<arg>55</arg>
<doc>Returns a list containing given items.</doc>
<status status="PASS" start="2025-03-24T18:42:47.588186" elapsed="0.000121"/>
</kw>
<for flavor="IN">
<iter>
<kw name="Log To Console" owner="BuiltIn">
<arg>${k}</arg>
<doc>Logs the given message to the console.</doc>
<status status="PASS" start="2025-03-24T18:42:47.588467" elapsed="0.000090"/>
</kw>
<var name="${k}">22</var>
<status status="PASS" start="2025-03-24T18:42:47.588420" elapsed="0.000165"/>
</iter>
<iter>
<kw name="Log To Console" owner="BuiltIn">
<arg>${k}</arg>
<doc>Logs the given message to the console.</doc>
<status status="PASS" start="2025-03-24T18:42:47.588685" elapsed="0.000089"/>
</kw>
<var name="${k}">23</var>
<status status="PASS" start="2025-03-24T18:42:47.588636" elapsed="0.000166"/>
</iter>
<iter>
<kw name="Log To Console" owner="BuiltIn">
<arg>${k}</arg>
<doc>Logs the given message to the console.</doc>
<status status="PASS" start="2025-03-24T18:42:47.588900" elapsed="0.000085"/>
</kw>
<var name="${k}">33</var>
<status status="PASS" start="2025-03-24T18:42:47.588851" elapsed="0.000160"/>
</iter>
<iter>
<kw name="Log To Console" owner="BuiltIn">
<arg>${k}</arg>
<doc>Logs the given message to the console.</doc>
<status status="PASS" start="2025-03-24T18:42:47.589106" elapsed="0.000084"/>
</kw>
<var name="${k}">55</var>
<status status="PASS" start="2025-03-24T18:42:47.589059" elapsed="0.000157"/>
</iter>
<var>${k}</var>
<value>@{items}</value>
<status status="PASS" start="2025-03-24T18:42:47.588348" elapsed="0.000891"/>
</for>
<status status="PASS" start="2025-03-24T18:42:47.588041" elapsed="0.001262"/>
</test>
<test id="s1-s3-t4" name="forloopstrings" line="23">
<kw name="Create List" owner="BuiltIn">
<msg time="2025-03-24T18:42:47.589642" level="INFO">@{names} = [ Navin | Neha | Gani | Ishika ]</msg>
<var>@{names}</var>
<arg>Navin</arg>
<arg>Neha</arg>
<arg>Gani</arg>
<arg>Ishika</arg>
<doc>Returns a list containing given items.</doc>
<status status="PASS" start="2025-03-24T18:42:47.589542" elapsed="0.000117"/>
</kw>
<for flavor="IN">
<iter>
<kw name="Log To Console" owner="BuiltIn">
<arg>${n}</arg>
<doc>Logs the given message to the console.</doc>
<status status="PASS" start="2025-03-24T18:42:47.589824" elapsed="0.000089"/>
</kw>
<var name="${n}">Navin</var>
<status status="PASS" start="2025-03-24T18:42:47.589775" elapsed="0.000165"/>
</iter>
<iter>
<kw name="Log To Console" owner="BuiltIn">
<arg>${n}</arg>
<doc>Logs the given message to the console.</doc>
<status status="PASS" start="2025-03-24T18:42:47.590035" elapsed="0.000091"/>
</kw>
<var name="${n}">Neha</var>
<status status="PASS" start="2025-03-24T18:42:47.589988" elapsed="0.000164"/>
</iter>
<iter>
<kw name="Log To Console" owner="BuiltIn">
<arg>${n}</arg>
<doc>Logs the given message to the console.</doc>
<status status="PASS" start="2025-03-24T18:42:47.590361" elapsed="0.000089"/>
</kw>
<var name="${n}">Gani</var>
<status status="PASS" start="2025-03-24T18:42:47.590313" elapsed="0.000163"/>
</iter>
<iter>
<kw name="Log To Console" owner="BuiltIn">
<arg>${n}</arg>
<doc>Logs the given message to the console.</doc>
<status status="PASS" start="2025-03-24T18:42:47.590571" elapsed="0.000087"/>
</kw>
<var name="${n}">Ishika</var>
<status status="PASS" start="2025-03-24T18:42:47.590524" elapsed="0.000161"/>
</iter>
<var>${n}</var>
<value>@{names}</value>
<status status="PASS" start="2025-03-24T18:42:47.589700" elapsed="0.001009"/>
</for>
<status status="PASS" start="2025-03-24T18:42:47.589399" elapsed="0.001377"/>
</test>
<test id="s1-s3-t5" name="forLoopWithExit" line="30">
<kw name="Create List" owner="BuiltIn">
<msg time="2025-03-24T18:42:47.591141" level="INFO">@{items} = [ 22 | 23 | 33 | 55 ]</msg>
<var>@{items}</var>
<arg>22</arg>
<arg>23</arg>
<arg>33</arg>
<arg>55</arg>
<doc>Returns a list containing given items.</doc>
<status status="PASS" start="2025-03-24T18:42:47.591040" elapsed="0.000120"/>
</kw>
<for flavor="IN">
<iter>
<kw name="Log To Console" owner="BuiltIn">
<arg>${n}</arg>
<doc>Logs the given message to the console.</doc>
<status status="PASS" start="2025-03-24T18:42:47.591331" elapsed="0.000095"/>
</kw>
<kw name="Exit For Loop If" owner="BuiltIn">
<arg>${n}==33</arg>
<doc>Stops executing the enclosing FOR loop if the ``condition`` is true.</doc>
<status status="PASS" start="2025-03-24T18:42:47.591484" elapsed="0.000225"/>
</kw>
<var name="${n}">22</var>
<status status="PASS" start="2025-03-24T18:42:47.591283" elapsed="0.000472"/>
</iter>
<iter>
<kw name="Log To Console" owner="BuiltIn">
<arg>${n}</arg>
<doc>Logs the given message to the console.</doc>
<status status="PASS" start="2025-03-24T18:42:47.591903" elapsed="0.000120"/>
</kw>
<kw name="Exit For Loop If" owner="BuiltIn">
<arg>${n}==33</arg>
<doc>Stops executing the enclosing FOR loop if the ``condition`` is true.</doc>
<status status="PASS" start="2025-03-24T18:42:47.592110" elapsed="0.000170"/>
</kw>
<var name="${n}">23</var>
<status status="PASS" start="2025-03-24T18:42:47.591832" elapsed="0.000485"/>
</iter>
<iter>
<kw name="Log To Console" owner="BuiltIn">
<arg>${n}</arg>
<doc>Logs the given message to the console.</doc>
<status status="PASS" start="2025-03-24T18:42:47.592452" elapsed="0.000120"/>
</kw>
<kw name="Exit For Loop If" owner="BuiltIn">
<msg time="2025-03-24T18:42:47.592937" level="INFO">Exiting for loop altogether.</msg>
<arg>${n}==33</arg>
<doc>Stops executing the enclosing FOR loop if the ``condition`` is true.</doc>
<status status="PASS" start="2025-03-24T18:42:47.592638" elapsed="0.000531"/>
</kw>
<var name="${n}">33</var>
<status status="PASS" start="2025-03-24T18:42:47.592388" elapsed="0.000839"/>
</iter>
<var>${n}</var>
<value>@{items}</value>
<status status="PASS" start="2025-03-24T18:42:47.591204" elapsed="0.002057"/>
</for>
<status status="PASS" start="2025-03-24T18:42:47.590880" elapsed="0.002476"/>
</test>
<status status="PASS" start="2025-03-24T18:42:47.582940" elapsed="0.010680"/>
</suite>
<suite id="s1-s4" name="Second" source="/Users/devayanaimohanty/Desktop/Python_Project/Python_robot/TestCases/second.robot">
<test id="s1-s4-t1" name="demo" line="12">
<kw name="Set Selenium Timeout" owner="SeleniumLibrary">
<arg>5</arg>
<doc>Sets the timeout that is used by various keywords.</doc>
<status status="PASS" start="2025-03-24T18:42:47.813837" elapsed="0.000205"/>
</kw>
<kw name="Open Browser" owner="SeleniumLibrary">
<msg time="2025-03-24T18:42:47.814288" level="INFO">Opening browser 'headlessChrome' to base url 'https://demoqa.com/elements'.</msg>
<arg>${url}</arg>
<arg>${browser}</arg>
<doc>Opens a new browser instance to the optional ``url``.</doc>
<status status="PASS" start="2025-03-24T18:42:47.814145" elapsed="2.045763"/>
</kw>
<kw name="Maximize Browser Window" owner="SeleniumLibrary">
<doc>Maximizes current browser window.</doc>
<status status="PASS" start="2025-03-24T18:42:49.862398" elapsed="0.048609"/>
</kw>
<kw name="Title Should Be" owner="SeleniumLibrary">
<msg time="2025-03-24T18:42:49.925400" level="INFO">Page title is 'DEMOQA'.</msg>
<arg>DEMOQA</arg>
<doc>Verifies that the current page title equals ``title``.</doc>
<status status="PASS" start="2025-03-24T18:42:49.913473" elapsed="0.012041"/>
</kw>
<kw name="Click Element" owner="SeleniumLibrary">
<msg time="2025-03-24T18:42:49.929129" level="INFO">Clicking element 'xpath:(//li[@id='item-0'])[1]'.</msg>
<arg>xpath:(//li[@id='item-0'])[1]</arg>
<doc>Click the element identified by ``locator``.</doc>
<status status="PASS" start="2025-03-24T18:42:49.925727" elapsed="0.448809"/>
</kw>
<kw name="Input Text" owner="SeleniumLibrary">
<msg time="2025-03-24T18:42:50.382598" level="INFO">Typing text 'Navin' into text field 'id:userName'.</msg>
<arg>id:userName</arg>
<arg>Navin</arg>
<doc>Types the given ``text`` into the text field identified by ``locator``.</doc>
<status status="PASS" start="2025-03-24T18:42:50.379860" elapsed="0.413677"/>
</kw>
<kw name="Input Text" owner="SeleniumLibrary">
<msg time="2025-03-24T18:42:50.794075" level="INFO">Typing text 'navin@gmail.com' into text field 'id:userEmail'.</msg>
<arg>id:userEmail</arg>
<arg>navin@gmail.com</arg>
<doc>Types the given ``text`` into the text field identified by ``locator``.</doc>
<status status="PASS" start="2025-03-24T18:42:50.793769" elapsed="0.660388"/>
</kw>
<kw name="Click Element" owner="SeleniumLibrary">
<msg time="2025-03-24T18:42:51.462492" level="INFO">Clicking element 'xpath:(//li[@id='item-1'])[1]'.</msg>
<arg>xpath:(//li[@id='item-1'])[1]</arg>
<doc>Click the element identified by ``locator``.</doc>
<status status="PASS" start="2025-03-24T18:42:51.458784" elapsed="0.087944"/>
</kw>
<kw name="Sleep" owner="BuiltIn">
<msg time="2025-03-24T18:42:53.548295" level="INFO">Slept 2 seconds.</msg>
<arg>2</arg>
<doc>Pauses the test executed for the given time.</doc>
<status status="PASS" start="2025-03-24T18:42:51.546902" elapsed="2.001673"/>
</kw>
<kw name="Sleep" owner="BuiltIn">
<msg time="2025-03-24T18:42:55.550448" level="INFO">Slept 2 seconds.</msg>
<arg>2</arg>
<doc>Pauses the test executed for the given time.</doc>
<status status="PASS" start="2025-03-24T18:42:53.548892" elapsed="2.002307"/>
</kw>
<kw name="Click Element" owner="SeleniumLibrary">
<msg time="2025-03-24T18:42:55.554926" level="INFO">Clicking element 'xpath:(//li[@id='item-4'])[1]'.</msg>
<arg>xpath:(//li[@id='item-4'])[1]</arg>
<doc>Click the element identified by ``locator``.</doc>
<status status="PASS" start="2025-03-24T18:42:55.552457" elapsed="0.083798"/>
</kw>
<kw name="Sleep" owner="BuiltIn">
<msg time="2025-03-24T18:42:57.640994" level="INFO">Slept 2 seconds.</msg>
<arg>2</arg>
<doc>Pauses the test executed for the given time.</doc>
<status status="PASS" start="2025-03-24T18:42:55.637379" elapsed="2.013445"/>
</kw>
<kw name="Double Click Element" owner="SeleniumLibrary">
<msg time="2025-03-24T18:42:57.654097" level="INFO">Double clicking element 'xpath://button[@id='doubleClickBtn']'.</msg>
<arg>xpath://button[@id='doubleClickBtn']</arg>
<doc>Double clicks the element identified by ``locator``.</doc>
<status status="PASS" start="2025-03-24T18:42:57.653085" elapsed="0.293346"/>
</kw>
<kw name="Sleep" owner="BuiltIn">
<msg time="2025-03-24T18:43:01.950887" level="INFO">Slept 4 seconds.</msg>
<arg>4</arg>
<doc>Pauses the test executed for the given time.</doc>
<status status="PASS" start="2025-03-24T18:42:57.946796" elapsed="4.006579"/>
</kw>
<kw name="Open Context Menu" owner="SeleniumLibrary">
<arg>xpath://button[@id='rightClickBtn']</arg>
<doc>Opens the context menu on the element identified by ``locator``.</doc>
<status status="PASS" start="2025-03-24T18:43:01.955578" elapsed="0.293289"/>
</kw>
<kw name="Sleep" owner="BuiltIn">
<msg time="2025-03-24T18:43:06.251845" level="INFO">Slept 4 seconds.</msg>
<arg>4</arg>
<doc>Pauses the test executed for the given time.</doc>
<status status="PASS" start="2025-03-24T18:43:02.249293" elapsed="4.002875"/>
</kw>
<kw name="Close Browser" owner="SeleniumLibrary">
<doc>Closes the current browser.</doc>
<status status="PASS" start="2025-03-24T18:43:06.252652" elapsed="0.097290"/>
</kw>
<status status="PASS" start="2025-03-24T18:42:47.813201" elapsed="18.536950"/>
</test>
<status status="PASS" start="2025-03-24T18:42:47.719249" elapsed="18.631511"/>
</suite>
<suite id="s1-s5" name="getAllLinks" source="/Users/devayanaimohanty/Desktop/Python_Project/Python_robot/TestCases/getAllLinks.robot">
<test id="s1-s5-t1" name="getLinksall" line="5">
<kw name="Open Browser" owner="SeleniumLibrary">
<msg time="2025-03-24T18:42:47.989658" level="INFO">Opening browser 'headlessChrome' to base url 'https://demoqa.com/links'.</msg>
<arg>https://demoqa.com/links</arg>
<arg>headlessChrome</arg>
<doc>Opens a new browser instance to the optional ``url``.</doc>
<status status="PASS" start="2025-03-24T18:42:47.989471" elapsed="1.867833"/>
</kw>
<kw name="Maximize Browser Window" owner="SeleniumLibrary">
<doc>Maximizes current browser window.</doc>
<status status="PASS" start="2025-03-24T18:42:49.861544" elapsed="0.048449"/>
</kw>
<kw name="Sleep" owner="BuiltIn">
<msg time="2025-03-24T18:42:52.917158" level="INFO">Slept 3 seconds.</msg>
<arg>3</arg>
<doc>Pauses the test executed for the given time.</doc>
<status status="PASS" start="2025-03-24T18:42:49.913203" elapsed="3.005124"/>
</kw>
<kw name="Get Element Count" owner="SeleniumLibrary">
<msg time="2025-03-24T18:42:52.931745" level="INFO">${allLinks} = 12</msg>
<var>${allLinks}</var>
<arg>xpath://a</arg>
<doc>Returns the number of elements matching ``locator``.</doc>
<status status="PASS" start="2025-03-24T18:42:52.919469" elapsed="0.012320"/>
</kw>
<kw name="Log To Console" owner="BuiltIn">
<arg>${allLinks}</arg>
<doc>Logs the given message to the console.</doc>
<status status="PASS" start="2025-03-24T18:42:52.932031" elapsed="0.002756"/>
</kw>
<kw name="Create List" owner="BuiltIn">
<msg time="2025-03-24T18:42:52.935138" level="INFO">${links} = []</msg>
<var>${links}</var>
<doc>Returns a list containing given items.</doc>
<status status="PASS" start="2025-03-24T18:42:52.934984" elapsed="0.000178"/>
</kw>
<for flavor="IN RANGE">
<iter>
<kw name="Get Text" owner="SeleniumLibrary">
<msg time="2025-03-24T18:42:52.954692" level="INFO">${individual} = </msg>
<var>${individual}</var>
<arg>xpath:(//a)[${i}+1]</arg>
<doc>Returns the text value of the element identified by ``locator``.</doc>
<status status="PASS" start="2025-03-24T18:42:52.935666" elapsed="0.019066"/>
</kw>
<kw name="Log To Console" owner="BuiltIn">
<arg>${individual}</arg>
<doc>Logs the given message to the console.</doc>
<status status="PASS" start="2025-03-24T18:42:52.954878" elapsed="0.000223"/>
</kw>
<var name="${i}">0</var>
<status status="PASS" start="2025-03-24T18:42:52.935574" elapsed="0.019567"/>
</iter>
<iter>
<kw name="Get Text" owner="SeleniumLibrary">
<msg time="2025-03-24T18:42:52.965337" level="INFO">${individual} = </msg>
<var>${individual}</var>
<arg>xpath:(//a)[${i}+1]</arg>
<doc>Returns the text value of the element identified by ``locator``.</doc>
<status status="PASS" start="2025-03-24T18:42:52.955329" elapsed="0.010044"/>
</kw>
<kw name="Log To Console" owner="BuiltIn">
<arg>${individual}</arg>
<doc>Logs the given message to the console.</doc>
<status status="PASS" start="2025-03-24T18:42:52.965498" elapsed="0.000189"/>
</kw>
<var name="${i}">1</var>
<status status="PASS" start="2025-03-24T18:42:52.955232" elapsed="0.010489"/>
</iter>
<iter>
<kw name="Get Text" owner="SeleniumLibrary">
<msg time="2025-03-24T18:42:52.975445" level="INFO">${individual} = Home</msg>
<var>${individual}</var>
<arg>xpath:(//a)[${i}+1]</arg>
<doc>Returns the text value of the element identified by ``locator``.</doc>
<status status="PASS" start="2025-03-24T18:42:52.965861" elapsed="0.009621"/>
</kw>
<kw name="Log To Console" owner="BuiltIn">
<arg>${individual}</arg>
<doc>Logs the given message to the console.</doc>
<status status="PASS" start="2025-03-24T18:42:52.975611" elapsed="0.000190"/>
</kw>
<var name="${i}">2</var>
<status status="PASS" start="2025-03-24T18:42:52.965795" elapsed="0.010041"/>
</iter>
<iter>
<kw name="Get Text" owner="SeleniumLibrary">
<msg time="2025-03-24T18:42:52.984771" level="INFO">${individual} = HomeUAZn4</msg>
<var>${individual}</var>
<arg>xpath:(//a)[${i}+1]</arg>
<doc>Returns the text value of the element identified by ``locator``.</doc>
<status status="PASS" start="2025-03-24T18:42:52.975978" elapsed="0.008827"/>
</kw>
<kw name="Log To Console" owner="BuiltIn">
<arg>${individual}</arg>
<doc>Logs the given message to the console.</doc>
<status status="PASS" start="2025-03-24T18:42:52.984927" elapsed="0.000179"/>
</kw>
<var name="${i}">3</var>
<status status="PASS" start="2025-03-24T18:42:52.975912" elapsed="0.009228"/>
</iter>
<iter>
<kw name="Get Text" owner="SeleniumLibrary">
<msg time="2025-03-24T18:42:52.995789" level="INFO">${individual} = Created</msg>
<var>${individual}</var>
<arg>xpath:(//a)[${i}+1]</arg>
<doc>Returns the text value of the element identified by ``locator``.</doc>
<status status="PASS" start="2025-03-24T18:42:52.985282" elapsed="0.010547"/>
</kw>
<kw name="Log To Console" owner="BuiltIn">
<arg>${individual}</arg>
<doc>Logs the given message to the console.</doc>
<status status="PASS" start="2025-03-24T18:42:52.995972" elapsed="0.000213"/>
</kw>
<var name="${i}">4</var>
<status status="PASS" start="2025-03-24T18:42:52.985216" elapsed="0.011011"/>
</iter>
<iter>
<kw name="Get Text" owner="SeleniumLibrary">
<msg time="2025-03-24T18:42:53.006828" level="INFO">${individual} = No Content</msg>
<var>${individual}</var>
<arg>xpath:(//a)[${i}+1]</arg>
<doc>Returns the text value of the element identified by ``locator``.</doc>
<status status="PASS" start="2025-03-24T18:42:52.996398" elapsed="0.010470"/>
</kw>
<kw name="Log To Console" owner="BuiltIn">
<arg>${individual}</arg>
<doc>Logs the given message to the console.</doc>
<status status="PASS" start="2025-03-24T18:42:53.006997" elapsed="0.000200"/>
</kw>
<var name="${i}">5</var>
<status status="PASS" start="2025-03-24T18:42:52.996311" elapsed="0.010920"/>
</iter>
<iter>
<kw name="Get Text" owner="SeleniumLibrary">
<msg time="2025-03-24T18:42:53.015954" level="INFO">${individual} = Moved</msg>
<var>${individual}</var>
<arg>xpath:(//a)[${i}+1]</arg>
<doc>Returns the text value of the element identified by ``locator``.</doc>
<status status="PASS" start="2025-03-24T18:42:53.007372" elapsed="0.008618"/>
</kw>
<kw name="Log To Console" owner="BuiltIn">
<arg>${individual}</arg>
<doc>Logs the given message to the console.</doc>
<status status="PASS" start="2025-03-24T18:42:53.016112" elapsed="0.000184"/>
</kw>
<var name="${i}">6</var>
<status status="PASS" start="2025-03-24T18:42:53.007306" elapsed="0.009024"/>
</iter>
<iter>
<kw name="Get Text" owner="SeleniumLibrary">
<msg time="2025-03-24T18:42:53.024879" level="INFO">${individual} = Bad Request</msg>
<var>${individual}</var>
<arg>xpath:(//a)[${i}+1]</arg>
<doc>Returns the text value of the element identified by ``locator``.</doc>
<status status="PASS" start="2025-03-24T18:42:53.016470" elapsed="0.008443"/>
</kw>
<kw name="Log To Console" owner="BuiltIn">
<arg>${individual}</arg>
<doc>Logs the given message to the console.</doc>
<status status="PASS" start="2025-03-24T18:42:53.025040" elapsed="0.000197"/>
</kw>
<var name="${i}">7</var>
<status status="PASS" start="2025-03-24T18:42:53.016405" elapsed="0.008866"/>
</iter>
<iter>
<kw name="Get Text" owner="SeleniumLibrary">
<msg time="2025-03-24T18:42:53.034331" level="INFO">${individual} = Unauthorized</msg>
<var>${individual}</var>
<arg>xpath:(//a)[${i}+1]</arg>
<doc>Returns the text value of the element identified by ``locator``.</doc>
<status status="PASS" start="2025-03-24T18:42:53.025411" elapsed="0.008953"/>
</kw>
<kw name="Log To Console" owner="BuiltIn">
<arg>${individual}</arg>
<doc>Logs the given message to the console.</doc>
<status status="PASS" start="2025-03-24T18:42:53.034487" elapsed="0.000181"/>
</kw>
<var name="${i}">8</var>
<status status="PASS" start="2025-03-24T18:42:53.025346" elapsed="0.009358"/>
</iter>
<iter>
<kw name="Get Text" owner="SeleniumLibrary">
<msg time="2025-03-24T18:42:53.044533" level="INFO">${individual} = Forbidden</msg>
<var>${individual}</var>
<arg>xpath:(//a)[${i}+1]</arg>
<doc>Returns the text value of the element identified by ``locator``.</doc>
<status status="PASS" start="2025-03-24T18:42:53.034845" elapsed="0.009728"/>
</kw>
<kw name="Log To Console" owner="BuiltIn">
<arg>${individual}</arg>
<doc>Logs the given message to the console.</doc>
<status status="PASS" start="2025-03-24T18:42:53.044875" elapsed="0.000218"/>
</kw>
<var name="${i}">9</var>
<status status="PASS" start="2025-03-24T18:42:53.034779" elapsed="0.010353"/>
</iter>
<iter>
<kw name="Get Text" owner="SeleniumLibrary">
<msg time="2025-03-24T18:42:53.055060" level="INFO">${individual} = Not Found</msg>
<var>${individual}</var>
<arg>xpath:(//a)[${i}+1]</arg>
<doc>Returns the text value of the element identified by ``locator``.</doc>
<status status="PASS" start="2025-03-24T18:42:53.045294" elapsed="0.009811"/>
</kw>
<kw name="Log To Console" owner="BuiltIn">
<arg>${individual}</arg>
<doc>Logs the given message to the console.</doc>
<status status="PASS" start="2025-03-24T18:42:53.055253" elapsed="0.000227"/>
</kw>
<var name="${i}">10</var>
<status status="PASS" start="2025-03-24T18:42:53.045218" elapsed="0.010303"/>
</iter>
<iter>
<kw name="Get Text" owner="SeleniumLibrary">
<msg time="2025-03-24T18:42:53.065001" level="INFO">${individual} = </msg>
<var>${individual}</var>
<arg>xpath:(//a)[${i}+1]</arg>
<doc>Returns the text value of the element identified by ``locator``.</doc>
<status status="PASS" start="2025-03-24T18:42:53.055694" elapsed="0.009340"/>
</kw>
<kw name="Log To Console" owner="BuiltIn">
<arg>${individual}</arg>
<doc>Logs the given message to the console.</doc>
<status status="PASS" start="2025-03-24T18:42:53.065155" elapsed="0.000191"/>
</kw>
<var name="${i}">11</var>
<status status="PASS" start="2025-03-24T18:42:53.055614" elapsed="0.009774"/>
</iter>
<var>${i}</var>
<value>${allLinks}</value>
<status status="PASS" start="2025-03-24T18:42:52.935286" elapsed="0.130139"/>
</for>
<status status="PASS" start="2025-03-24T18:42:47.988815" elapsed="5.076749"/>
</test>
<status status="PASS" start="2025-03-24T18:42:47.921862" elapsed="5.144020"/>
</suite>
<suite id="s1-s6" name="loginTest" source="/Users/devayanaimohanty/Desktop/Python_Project/Python_robot/TestCases/loginTest.robot">
<test id="s1-s6-t1" name="LoginTest" line="12">
<kw name="Open my browser" owner="demoLogin">
<kw name="Open Browser" owner="SeleniumLibrary">
<msg time="2025-03-24T18:42:53.569823" level="INFO">Opening browser 'headlesschrome' to base url 'https://demo.guru99.com/test/newtours/index.php'.</msg>
<arg>${url}</arg>
<arg>${browser}</arg>
<doc>Opens a new browser instance to the optional ``url``.</doc>
<status status="PASS" start="2025-03-24T18:42:53.569617" elapsed="1.513103"/>
</kw>
<kw name="Maximize Browser Window" owner="SeleniumLibrary">
<doc>Maximizes current browser window.</doc>
<status status="PASS" start="2025-03-24T18:42:55.083176" elapsed="0.016871"/>
</kw>
<arg>${url}</arg>
<arg>${browser}</arg>
<status status="PASS" start="2025-03-24T18:42:53.569100" elapsed="1.531075"/>
</kw>
<kw name="Enter username" owner="demoLogin">
<kw name="Input Text" owner="SeleniumLibrary">
<msg time="2025-03-24T18:42:55.101105" level="INFO">Typing text 'tutorial' into text field 'xpath://input[@name='userName']'.</msg>
<arg>${input_username}</arg>
<arg>${username}</arg>
<doc>Types the given ``text`` into the text field identified by ``locator``.</doc>
<status status="PASS" start="2025-03-24T18:42:55.100760" elapsed="0.083455"/>
</kw>
<arg>${username}</arg>
<status status="PASS" start="2025-03-24T18:42:55.100411" elapsed="0.083921"/>
</kw>
<kw name="Enter password" owner="demoLogin">
<kw name="Input Text" owner="SeleniumLibrary">
<msg time="2025-03-24T18:42:55.184929" level="INFO">Typing text 'tutorial' into text field 'xpath://input[@name='password']'.</msg>
<arg>${input_password}</arg>
<arg>${password}</arg>
<doc>Types the given ``text`` into the text field identified by ``locator``.</doc>
<status status="PASS" start="2025-03-24T18:42:55.184759" elapsed="0.039358"/>
</kw>
<arg>${password}</arg>
<status status="PASS" start="2025-03-24T18:42:55.184477" elapsed="0.039747"/>
</kw>
<kw name="Click signIn" owner="demoLogin">
<kw name="Click Element" owner="SeleniumLibrary">
<msg time="2025-03-24T18:42:55.224735" level="INFO">Clicking element 'xpath://input[@name='submit']'.</msg>
<arg>${btn_login}</arg>
<doc>Click the element identified by ``locator``.</doc>
<status status="PASS" start="2025-03-24T18:42:55.224587" elapsed="0.519583"/>
</kw>
<status status="PASS" start="2025-03-24T18:42:55.224358" elapsed="0.520798"/>
</kw>
<kw name="Sleep" owner="BuiltIn">
<msg time="2025-03-24T18:42:58.746377" level="INFO">Slept 3 seconds.</msg>
<arg>3</arg>
<doc>Pauses the test executed for the given time.</doc>
<status status="PASS" start="2025-03-24T18:42:55.745462" elapsed="3.001095"/>
</kw>
<kw name="verify login success" owner="demoLogin">
<kw name="Title Should Be" owner="SeleniumLibrary">
<msg time="2025-03-24T18:42:58.756470" level="INFO">Page title is 'Login: Mercury Tours'.</msg>
<arg>Login: Mercury Tours</arg>
<doc>Verifies that the current page title equals ``title``.</doc>
<status status="PASS" start="2025-03-24T18:42:58.747358" elapsed="0.009212"/>
</kw>
<status status="PASS" start="2025-03-24T18:42:58.746910" elapsed="0.009756"/>
</kw>
<kw name="Sleep" owner="BuiltIn">
<msg time="2025-03-24T18:43:00.758848" level="INFO">Slept 2 seconds.</msg>
<arg>2</arg>
<doc>Pauses the test executed for the given time.</doc>
<status status="PASS" start="2025-03-24T18:42:58.756781" elapsed="2.002616"/>
</kw>
<kw name="close my browser" owner="demoLogin">
<kw name="Close All Browsers" owner="SeleniumLibrary">
<doc>Closes all open browsers and resets the browser cache.</doc>
<status status="PASS" start="2025-03-24T18:43:00.760602" elapsed="0.083399"/>
</kw>
<status status="PASS" start="2025-03-24T18:43:00.760048" elapsed="0.084075"/>
</kw>
<status status="PASS" start="2025-03-24T18:42:53.568746" elapsed="7.275542"/>
</test>
<status status="PASS" start="2025-03-24T18:42:53.474323" elapsed="7.370390"/>
</suite>
<doc>[https://pabot.org/?ref=log|Pabot] result from 6 executions.</doc>
<status status="PASS" start="2025-03-24T18:42:44.052000" elapsed="22.299000"/>
</suite>
<statistics>
<total>
<stat pass="11" fail="0" skip="0">All Tests</stat>
</total>
<tag>
</tag>
<suite>
<stat name="Suites" id="s1" pass="11" fail="0" skip="0">Suites</stat>
<stat name="Datadriven" id="s1-s1" pass="2" fail="0" skip="0">Suites.Datadriven</stat>
<stat name="First" id="s1-s2" pass="1" fail="0" skip="0">Suites.First</stat>
<stat name="Forloop" id="s1-s3" pass="5" fail="0" skip="0">Suites.Forloop</stat>
<stat name="Second" id="s1-s4" pass="1" fail="0" skip="0">Suites.Second</stat>
<stat name="getAllLinks" id="s1-s5" pass="1" fail="0" skip="0">Suites.getAllLinks</stat>
<stat name="loginTest" id="s1-s6" pass="1" fail="0" skip="0">Suites.loginTest</stat>
</suite>
</statistics>
<errors>
</errors>
</robot>
