<?xml version="1.0" encoding="UTF-8"?>
<robot generator="Robot 7.2.2 (Python 3.9.6 on darwin)" generated="2025-03-26T23:20:53.710944" rpa="false" schemaversion="5">
<suite id="s1" name="Suites">
<suite id="s1-s1" name="Datadriven" source="/Users/devayanaimohanty/Desktop/Python_Project/Python_robot/TestCases/datadriven.robot">
<kw name="open my browser" owner="loginFile" type="SETUP">
<kw name="Open Browser" owner="SeleniumLibrary">
<msg time="2025-03-26T23:20:53.843598" level="INFO">Opening browser 'headlesschrome' to base url 'https://admin-demo.nopcommerce.com/login?ReturnUrl=%2Fadmin%2F'.</msg>
<arg>${url}</arg>
<arg>${browser}</arg>
<doc>Opens a new browser instance to the optional ``url``.</doc>
<status status="PASS" start="2025-03-26T23:20:53.843353" elapsed="4.045011"/>
</kw>
<kw name="Maximize Browser Window" owner="SeleniumLibrary">
<doc>Maximizes current browser window.</doc>
<status status="PASS" start="2025-03-26T23:20:57.892987" elapsed="0.019885"/>
</kw>
<status status="PASS" start="2025-03-26T23:20:53.842842" elapsed="4.070592"/>
</kw>
<test id="s1-s1-t1" name="Test1" line="10">
<kw name="invalid input tests">
<kw name="Close All Browsers" owner="SeleniumLibrary">
<doc>Closes all open browsers and resets the browser cache.</doc>
<status status="PASS" start="2025-03-26T23:20:57.925576" elapsed="0.089565"/>
</kw>
<arg>admin@yourstore.com</arg>
<arg>admin</arg>
<status status="PASS" start="2025-03-26T23:20:57.921785" elapsed="0.093568"/>
</kw>
<status status="PASS" start="2025-03-26T23:20:57.917891" elapsed="0.097724"/>
</test>
<test id="s1-s1-t2" name="Test2" line="11">
<kw name="invalid input tests">
<kw name="Close All Browsers" owner="SeleniumLibrary">
<doc>Closes all open browsers and resets the browser cache.</doc>
<status status="PASS" start="2025-03-26T23:20:58.016614" elapsed="0.000120"/>
</kw>
<arg>adminn@yourstore.com</arg>
<arg>admin</arg>
<status status="PASS" start="2025-03-26T23:20:58.016351" elapsed="0.000439"/>
</kw>
<status status="PASS" start="2025-03-26T23:20:58.016058" elapsed="0.000807"/>
</test>
<kw name="close my browser" owner="loginFile" type="TEARDOWN">
<kw name="Close All Browsers" owner="SeleniumLibrary">
<doc>Closes all open browsers and resets the browser cache.</doc>
<status status="PASS" start="2025-03-26T23:20:58.017352" elapsed="0.000095"/>
</kw>
<status status="PASS" start="2025-03-26T23:20:58.017224" elapsed="0.000270"/>
</kw>
<status status="PASS" start="2025-03-26T23:20:53.729172" elapsed="4.288350"/>
</suite>
<status status="PASS" start="2025-03-26T23:20:53.719127" elapsed="4.298806"/>
</suite>
<statistics>
<total>
<stat pass="2" fail="0" skip="0">All Tests</stat>
</total>
<tag>
</tag>
<suite>
<stat name="Suites" id="s1" pass="2" fail="0" skip="0">Suites</stat>
<stat name="Datadriven" id="s1-s1" pass="2" fail="0" skip="0">Suites.Datadriven</stat>
</suite>
</statistics>
<errors>
</errors>
</robot>
