<?xml version="1.0" encoding="UTF-8"?>
<robot generator="Robot 7.2.2 (Python 3.9.6 on darwin)" generated="2025-03-27T20:35:49.820960" rpa="false" schemaversion="5">
<suite id="s1" name="Suites">
<suite id="s1-s1" name="Forloop" source="/Users/devayanaimohanty/Desktop/Python_Project/Python_robot/TestCases/forloop.robot">
<test id="s1-s1-t1" name="forLoop1" line="3">
<for flavor="IN RANGE">
<iter>
<kw name="Log To Console" owner="BuiltIn">
<arg>${i}</arg>
<doc>Logs the given message to the console.</doc>
<status status="PASS" start="2025-03-27T20:35:49.837089" elapsed="0.000222"/>
</kw>
<var name="${i}">1</var>
<status status="PASS" start="2025-03-27T20:35:49.836719" elapsed="0.000649"/>
</iter>
<iter>
<kw name="Log To Console" owner="BuiltIn">
<arg>${i}</arg>
<doc>Logs the given message to the console.</doc>
<status status="PASS" start="2025-03-27T20:35:49.837515" elapsed="0.000154"/>
</kw>
<var name="${i}">2</var>
<status status="PASS" start="2025-03-27T20:35:49.837441" elapsed="0.000260"/>
</iter>
<iter>
<kw name="Log To Console" owner="BuiltIn">
<arg>${i}</arg>
<doc>Logs the given message to the console.</doc>
<status status="PASS" start="2025-03-27T20:35:49.837812" elapsed="0.000101"/>
</kw>
<var name="${i}">3</var>
<status status="PASS" start="2025-03-27T20:35:49.837757" elapsed="0.000185"/>
</iter>
<iter>
<kw name="Log To Console" owner="BuiltIn">
<arg>${i}</arg>
<doc>Logs the given message to the console.</doc>
<status status="PASS" start="2025-03-27T20:35:49.838047" elapsed="0.000095"/>
</kw>
<var name="${i}">4</var>
<status status="PASS" start="2025-03-27T20:35:49.837995" elapsed="0.000175"/>
</iter>
<iter>
<kw name="Log To Console" owner="BuiltIn">
<arg>${i}</arg>
<doc>Logs the given message to the console.</doc>
<status status="PASS" start="2025-03-27T20:35:49.838270" elapsed="0.000093"/>
</kw>
<var name="${i}">5</var>
<status status="PASS" start="2025-03-27T20:35:49.838220" elapsed="0.000169"/>
</iter>
<iter>
<kw name="Log To Console" owner="BuiltIn">
<arg>${i}</arg>
<doc>Logs the given message to the console.</doc>
<status status="PASS" start="2025-03-27T20:35:49.838489" elapsed="0.000093"/>
</kw>
<var name="${i}">6</var>
<status status="PASS" start="2025-03-27T20:35:49.838442" elapsed="0.000166"/>
</iter>
<iter>
<kw name="Log To Console" owner="BuiltIn">
<arg>${i}</arg>
<doc>Logs the given message to the console.</doc>
<status status="PASS" start="2025-03-27T20:35:49.838700" elapsed="0.000092"/>
</kw>
<var name="${i}">7</var>
<status status="PASS" start="2025-03-27T20:35:49.838654" elapsed="0.000165"/>
</iter>
<iter>
<kw name="Log To Console" owner="BuiltIn">
<arg>${i}</arg>
<doc>Logs the given message to the console.</doc>
<status status="PASS" start="2025-03-27T20:35:49.838916" elapsed="0.000090"/>
</kw>
<var name="${i}">8</var>
<status status="PASS" start="2025-03-27T20:35:49.838868" elapsed="0.000165"/>
</iter>
<iter>
<kw name="Log To Console" owner="BuiltIn">
<arg>${i}</arg>
<doc>Logs the given message to the console.</doc>
<status status="PASS" start="2025-03-27T20:35:49.839131" elapsed="0.000091"/>
</kw>
<var name="${i}">9</var>
<status status="PASS" start="2025-03-27T20:35:49.839081" elapsed="0.000168"/>
</iter>
<var>${i}</var>
<value>1</value>
<value>10</value>
<status status="PASS" start="2025-03-27T20:35:49.836502" elapsed="0.002770"/>
</for>
<status status="PASS" start="2025-03-27T20:35:49.836263" elapsed="0.003119"/>
</test>
<test id="s1-s1-t2" name="forloop2" line="10">
<for flavor="IN">
<iter>
<kw name="Log To Console" owner="BuiltIn">
<arg>${j}</arg>
<doc>Logs the given message to the console.</doc>
<status status="PASS" start="2025-03-27T20:35:49.839847" elapsed="0.000803"/>
</kw>
<var name="${j}">1</var>
<status status="PASS" start="2025-03-27T20:35:49.839783" elapsed="0.000900"/>
</iter>
<iter>
<kw name="Log To Console" owner="BuiltIn">
<arg>${j}</arg>
<doc>Logs the given message to the console.</doc>
<status status="PASS" start="2025-03-27T20:35:49.840788" elapsed="0.000093"/>
</kw>
<var name="${j}">2</var>
<status status="PASS" start="2025-03-27T20:35:49.840737" elapsed="0.000171"/>
</iter>
<iter>
<kw name="Log To Console" owner="BuiltIn">
<arg>${j}</arg>
<doc>Logs the given message to the console.</doc>
<status status="PASS" start="2025-03-27T20:35:49.841007" elapsed="0.000090"/>
</kw>
<var name="${j}">3</var>
<status status="PASS" start="2025-03-27T20:35:49.840956" elapsed="0.000167"/>
</iter>
<iter>
<kw name="Log To Console" owner="BuiltIn">
<arg>${j}</arg>
<doc>Logs the given message to the console.</doc>
<status status="PASS" start="2025-03-27T20:35:49.841217" elapsed="0.000095"/>
</kw>
<var name="${j}">4</var>
<status status="PASS" start="2025-03-27T20:35:49.841170" elapsed="0.000168"/>
</iter>
<iter>
<kw name="Log To Console" owner="BuiltIn">
<arg>${j}</arg>
<doc>Logs the given message to the console.</doc>
<status status="PASS" start="2025-03-27T20:35:49.841430" elapsed="0.000088"/>
</kw>
<var name="${j}">5</var>
<status status="PASS" start="2025-03-27T20:35:49.841384" elapsed="0.000160"/>
</iter>
<var>${j}</var>
<value>1</value>
<value>2</value>
<value>3</value>
<value>4</value>
<value>5</value>
<status status="PASS" start="2025-03-27T20:35:49.839694" elapsed="0.001872"/>
</for>
<status status="PASS" start="2025-03-27T20:35:49.839522" elapsed="0.002115"/>
</test>
<test id="s1-s1-t3" name="forloop3List" line="17">
<kw name="Create List" owner="BuiltIn">
<msg time="2025-03-27T20:35:49.841990" level="INFO">@{items} = [ 22 | 23 | 33 | 55 ]</msg>
<var>@{items}</var>
<arg>22</arg>
<arg>23</arg>
<arg>33</arg>
<arg>55</arg>
<doc>Returns a list containing given items.</doc>
<status status="PASS" start="2025-03-27T20:35:49.841887" elapsed="0.000122"/>
</kw>
<for flavor="IN">
<iter>
<kw name="Log To Console" owner="BuiltIn">
<arg>${k}</arg>
<doc>Logs the given message to the console.</doc>
<status status="PASS" start="2025-03-27T20:35:49.842175" elapsed="0.000093"/>
</kw>
<var name="${k}">22</var>
<status status="PASS" start="2025-03-27T20:35:49.842124" elapsed="0.000171"/>
</iter>
<iter>
<kw name="Log To Console" owner="BuiltIn">
<arg>${k}</arg>
<doc>Logs the given message to the console.</doc>
<status status="PASS" start="2025-03-27T20:35:49.842393" elapsed="0.000087"/>
</kw>
<var name="${k}">23</var>
<status status="PASS" start="2025-03-27T20:35:49.842344" elapsed="0.000162"/>
</iter>
<iter>
<kw name="Log To Console" owner="BuiltIn">
<arg>${k}</arg>
<doc>Logs the given message to the console.</doc>
<status status="PASS" start="2025-03-27T20:35:49.842602" elapsed="0.000086"/>
</kw>
<var name="${k}">33</var>
<status status="PASS" start="2025-03-27T20:35:49.842553" elapsed="0.000160"/>
</iter>
<iter>
<kw name="Log To Console" owner="BuiltIn">
<arg>${k}</arg>
<doc>Logs the given message to the console.</doc>
<status status="PASS" start="2025-03-27T20:35:49.842805" elapsed="0.000088"/>
</kw>
<var name="${k}">55</var>
<status status="PASS" start="2025-03-27T20:35:49.842759" elapsed="0.000159"/>
</iter>
<var>${k}</var>
<value>@{items}</value>
<status status="PASS" start="2025-03-27T20:35:49.842051" elapsed="0.000888"/>
</for>
<status status="PASS" start="2025-03-27T20:35:49.841738" elapsed="0.001263"/>
</test>
<test id="s1-s1-t4" name="forloopstrings" line="23">
<kw name="Create List" owner="BuiltIn">
<msg time="2025-03-27T20:35:49.843338" level="INFO">@{names} = [ Navin | Neha | Gani | Ishika ]</msg>
<var>@{names}</var>
<arg>Navin</arg>
<arg>Neha</arg>
<arg>Gani</arg>
<arg>Ishika</arg>
<doc>Returns a list containing given items.</doc>
<status status="PASS" start="2025-03-27T20:35:49.843240" elapsed="0.000116"/>
</kw>
<for flavor="IN">
<iter>
<kw name="Log To Console" owner="BuiltIn">
<arg>${n}</arg>
<doc>Logs the given message to the console.</doc>
<status status="PASS" start="2025-03-27T20:35:49.843517" elapsed="0.000088"/>
</kw>
<var name="${n}">Navin</var>
<status status="PASS" start="2025-03-27T20:35:49.843468" elapsed="0.000164"/>
</iter>
<iter>
<kw name="Log To Console" owner="BuiltIn">
<arg>${n}</arg>
<doc>Logs the given message to the console.</doc>
<status status="PASS" start="2025-03-27T20:35:49.843725" elapsed="0.000086"/>
</kw>
<var name="${n}">Neha</var>
<status status="PASS" start="2025-03-27T20:35:49.843679" elapsed="0.000158"/>
</iter>
<iter>
<kw name="Log To Console" owner="BuiltIn">
<arg>${n}</arg>
<doc>Logs the given message to the console.</doc>
<status status="PASS" start="2025-03-27T20:35:49.844022" elapsed="0.000087"/>
</kw>
<var name="${n}">Gani</var>
<status status="PASS" start="2025-03-27T20:35:49.843976" elapsed="0.000159"/>
</iter>
<iter>
<kw name="Log To Console" owner="BuiltIn">
<arg>${n}</arg>
<doc>Logs the given message to the console.</doc>
<status status="PASS" start="2025-03-27T20:35:49.844226" elapsed="0.000086"/>
</kw>
<var name="${n}">Ishika</var>
<status status="PASS" start="2025-03-27T20:35:49.844180" elapsed="0.000158"/>
</iter>
<var>${n}</var>
<value>@{names}</value>
<status status="PASS" start="2025-03-27T20:35:49.843397" elapsed="0.000963"/>
</for>
<status status="PASS" start="2025-03-27T20:35:49.843097" elapsed="0.001325"/>
</test>
<test id="s1-s1-t5" name="forLoopWithExit" line="30">
<kw name="Create List" owner="BuiltIn">
<msg time="2025-03-27T20:35:49.844759" level="INFO">@{items} = [ 22 | 23 | 33 | 55 ]</msg>
<var>@{items}</var>
<arg>22</arg>
<arg>23</arg>
<arg>33</arg>
<arg>55</arg>
<doc>Returns a list containing given items.</doc>
<status status="PASS" start="2025-03-27T20:35:49.844661" elapsed="0.000115"/>
</kw>
<for flavor="IN">
<iter>
<kw name="Log To Console" owner="BuiltIn">
<arg>${n}</arg>
<doc>Logs the given message to the console.</doc>
<status status="PASS" start="2025-03-27T20:35:49.844942" elapsed="0.000090"/>
</kw>
<kw name="Exit For Loop If" owner="BuiltIn">
<arg>${n}==33</arg>
<doc>Stops executing the enclosing FOR loop if the ``condition`` is true.</doc>
<status status="PASS" start="2025-03-27T20:35:49.845089" elapsed="0.000148"/>
</kw>
<var name="${n}">22</var>
<status status="PASS" start="2025-03-27T20:35:49.844891" elapsed="0.000375"/>
</iter>
<iter>
<kw name="Log To Console" owner="BuiltIn">
<arg>${n}</arg>
<doc>Logs the given message to the console.</doc>
<status status="PASS" start="2025-03-27T20:35:49.845367" elapsed="0.000091"/>
</kw>
<kw name="Exit For Loop If" owner="BuiltIn">
<arg>${n}==33</arg>
<doc>Stops executing the enclosing FOR loop if the ``condition`` is true.</doc>
<status status="PASS" start="2025-03-27T20:35:49.845513" elapsed="0.000111"/>
</kw>
<var name="${n}">23</var>
<status status="PASS" start="2025-03-27T20:35:49.845319" elapsed="0.000332"/>
</iter>
<iter>
<kw name="Log To Console" owner="BuiltIn">
<arg>${n}</arg>
<doc>Logs the given message to the console.</doc>
<status status="PASS" start="2025-03-27T20:35:49.845747" elapsed="0.000086"/>
</kw>
<kw name="Exit For Loop If" owner="BuiltIn">
<msg time="2025-03-27T20:35:49.845993" level="INFO">Exiting for loop altogether.</msg>
<arg>${n}==33</arg>
<doc>Stops executing the enclosing FOR loop if the ``condition`` is true.</doc>
<status status="PASS" start="2025-03-27T20:35:49.845887" elapsed="0.000218"/>
</kw>
<var name="${n}">33</var>
<status status="PASS" start="2025-03-27T20:35:49.845701" elapsed="0.000436"/>
</iter>
<var>${n}</var>
<value>@{items}</value>
<status status="PASS" start="2025-03-27T20:35:49.844818" elapsed="0.001344"/>
</for>
<status status="PASS" start="2025-03-27T20:35:49.844518" elapsed="0.001711"/>
</test>
<status status="PASS" start="2025-03-27T20:35:49.835462" elapsed="0.010989"/>
</suite>
<status status="PASS" start="2025-03-27T20:35:49.826762" elapsed="0.020006"/>
</suite>
<statistics>
<total>
<stat pass="5" fail="0" skip="0">All Tests</stat>
</total>
<tag>
</tag>
<suite>
<stat name="Suites" id="s1" pass="5" fail="0" skip="0">Suites</stat>
<stat name="Forloop" id="s1-s1" pass="5" fail="0" skip="0">Suites.Forloop</stat>
</suite>
</statistics>
<errors>
</errors>
</robot>
