<?xml version="1.0" encoding="UTF-8"?>
<robot generator="Robot 7.2.2 (Python 3.9.6 on darwin)" generated="2025-03-26T23:21:05.473295" rpa="false" schemaversion="5">
<suite id="s1" name="Suites">
<suite id="s1-s1" name="loginTest" source="/Users/devayanaimohanty/Desktop/Python_Project/Python_robot/TestCases/loginTest.robot">
<test id="s1-s1-t1" name="LoginTest" line="12">
<kw name="Open my browser" owner="demoLogin">
<kw name="Open Browser" owner="SeleniumLibrary">
<msg time="2025-03-26T23:21:05.590261" level="INFO">Opening browser 'headlesschrome' to base url 'https://demo.guru99.com/test/newtours/index.php'.</msg>
<arg>${url}</arg>
<arg>${browser}</arg>
<doc>Opens a new browser instance to the optional ``url``.</doc>
<status status="PASS" start="2025-03-26T23:21:05.589956" elapsed="1.994605"/>
</kw>
<kw name="Maximize Browser Window" owner="SeleniumLibrary">
<doc>Maximizes current browser window.</doc>
<status status="PASS" start="2025-03-26T23:21:07.587287" elapsed="0.016593"/>
</kw>
<arg>${url}</arg>
<arg>${browser}</arg>
<status status="PASS" start="2025-03-26T23:21:05.589315" elapsed="2.015735"/>
</kw>
<kw name="Enter username" owner="demoLogin">
<kw name="Input Text" owner="SeleniumLibrary">
<msg time="2025-03-26T23:21:07.606902" level="INFO">Typing text 'tutorial' into text field 'xpath://input[@name='userName']'.</msg>
<arg>${input_username}</arg>
<arg>${username}</arg>
<doc>Types the given ``text`` into the text field identified by ``locator``.</doc>
<status status="PASS" start="2025-03-26T23:21:07.606171" elapsed="0.116321"/>
</kw>
<arg>${username}</arg>
<status status="PASS" start="2025-03-26T23:21:07.605574" elapsed="0.117030"/>
</kw>
<kw name="Enter password" owner="demoLogin">
<kw name="Input Text" owner="SeleniumLibrary">
<msg time="2025-03-26T23:21:07.723247" level="INFO">Typing text 'tutorial' into text field 'xpath://input[@name='password']'.</msg>
<arg>${input_password}</arg>
<arg>${password}</arg>
<doc>Types the given ``text`` into the text field identified by ``locator``.</doc>
<status status="PASS" start="2025-03-26T23:21:07.723069" elapsed="0.043513"/>
</kw>
<arg>${password}</arg>
<status status="PASS" start="2025-03-26T23:21:07.722754" elapsed="0.043953"/>
</kw>
<kw name="Click signIn" owner="demoLogin">
<kw name="Click Element" owner="SeleniumLibrary">
<msg time="2025-03-26T23:21:07.767258" level="INFO">Clicking element 'xpath://input[@name='submit']'.</msg>
<arg>${btn_login}</arg>
<doc>Click the element identified by ``locator``.</doc>
<status status="PASS" start="2025-03-26T23:21:07.767094" elapsed="0.038974"/>
</kw>
<status status="PASS" start="2025-03-26T23:21:07.766850" elapsed="0.039324"/>
</kw>
<kw name="Sleep" owner="BuiltIn">
<msg time="2025-03-26T23:21:10.807004" level="INFO">Slept 3 seconds.</msg>
<arg>3</arg>
<doc>Pauses the test executed for the given time.</doc>
<status status="PASS" start="2025-03-26T23:21:07.806299" elapsed="3.001320"/>
</kw>
<kw name="verify login success" owner="demoLogin">
<kw name="Title Should Be" owner="SeleniumLibrary">
<msg time="2025-03-26T23:21:10.821629" level="INFO">Page title is 'Login: Mercury Tours'.</msg>
<arg>Login: Mercury Tours</arg>
<doc>Verifies that the current page title equals ``title``.</doc>
<status status="PASS" start="2025-03-26T23:21:10.809983" elapsed="0.011834"/>
</kw>
<status status="PASS" start="2025-03-26T23:21:10.808608" elapsed="0.013413"/>
</kw>
<kw name="Sleep" owner="BuiltIn">
<msg time="2025-03-26T23:21:12.825153" level="INFO">Slept 2 seconds.</msg>
<arg>2</arg>
<doc>Pauses the test executed for the given time.</doc>
<status status="PASS" start="2025-03-26T23:21:10.822272" elapsed="2.003599"/>
</kw>
<kw name="close my browser" owner="demoLogin">
<kw name="Close All Browsers" owner="SeleniumLibrary">
<doc>Closes all open browsers and resets the browser cache.</doc>
<status status="PASS" start="2025-03-26T23:21:12.828750" elapsed="0.096379"/>
</kw>
<status status="PASS" start="2025-03-26T23:21:12.827311" elapsed="0.097956"/>
</kw>
<status status="PASS" start="2025-03-26T23:21:05.588896" elapsed="7.336534"/>
</test>
<status status="PASS" start="2025-03-26T23:21:05.488459" elapsed="7.437539"/>
</suite>
<status status="PASS" start="2025-03-26T23:21:05.479202" elapsed="7.447374"/>
</suite>
<statistics>
<total>
<stat pass="1" fail="0" skip="0">All Tests</stat>
</total>
<tag>
</tag>
<suite>
<stat name="Suites" id="s1" pass="1" fail="0" skip="0">Suites</stat>
<stat name="loginTest" id="s1-s1" pass="1" fail="0" skip="0">Suites.loginTest</stat>
</suite>
</statistics>
<errors>
</errors>
</robot>
