<?xml version="1.0" encoding="UTF-8"?>
<robot generator="Robot 7.2.2 (Python 3.9.6 on darwin)" generated="2025-03-27T19:52:34.052585" rpa="false" schemaversion="5">
<suite id="s1" name="Suites">
<suite id="s1-s1" name="loginTest" source="/Users/devayanaimohanty/Desktop/Python_Project/Python_robot/TestCases/loginTest.robot">
<test id="s1-s1-t1" name="LoginTest" line="12">
<kw name="Open my browser" owner="demoLogin">
<kw name="Open Browser" owner="SeleniumLibrary">
<msg time="2025-03-27T19:52:34.162972" level="INFO">Opening browser 'headlesschrome' to base url 'https://demo.guru99.com/test/newtours/index.php'.</msg>
<arg>${url}</arg>
<arg>${browser}</arg>
<doc>Opens a new browser instance to the optional ``url``.</doc>
<status status="PASS" start="2025-03-27T19:52:34.162745" elapsed="1.937014"/>
</kw>
<kw name="Maximize Browser Window" owner="SeleniumLibrary">
<doc>Maximizes current browser window.</doc>
<status status="PASS" start="2025-03-27T19:52:36.105907" elapsed="0.041466"/>
</kw>
<arg>${url}</arg>
<arg>${browser}</arg>
<status status="PASS" start="2025-03-27T19:52:34.162166" elapsed="1.986020"/>
</kw>
<kw name="Enter username" owner="demoLogin">
<kw name="Input Text" owner="SeleniumLibrary">
<msg time="2025-03-27T19:52:36.163680" level="INFO">Typing text 'tutorial' into text field 'xpath://input[@name='userName']'.</msg>
<arg>${input_username}</arg>
<arg>${username}</arg>
<doc>Types the given ``text`` into the text field identified by ``locator``.</doc>
<status status="PASS" start="2025-03-27T19:52:36.157462" elapsed="0.192357"/>
</kw>
<arg>${username}</arg>
<status status="PASS" start="2025-03-27T19:52:36.148984" elapsed="0.201072"/>
</kw>
<kw name="Enter password" owner="demoLogin">
<kw name="Input Text" owner="SeleniumLibrary">
<msg time="2025-03-27T19:52:36.350683" level="INFO">Typing text 'tutorial' into text field 'xpath://input[@name='password']'.</msg>
<arg>${input_password}</arg>
<arg>${password}</arg>
<doc>Types the given ``text`` into the text field identified by ``locator``.</doc>
<status status="PASS" start="2025-03-27T19:52:36.350506" elapsed="0.072051"/>
</kw>
<arg>${password}</arg>
<status status="PASS" start="2025-03-27T19:52:36.350223" elapsed="0.072811"/>
</kw>
<kw name="Click signIn" owner="demoLogin">
<kw name="Click Element" owner="SeleniumLibrary">
<msg time="2025-03-27T19:52:36.425599" level="INFO">Clicking element 'xpath://input[@name='submit']'.</msg>
<arg>${btn_login}</arg>
<doc>Click the element identified by ``locator``.</doc>
<status status="PASS" start="2025-03-27T19:52:36.424314" elapsed="1.160595"/>
</kw>
<status status="PASS" start="2025-03-27T19:52:36.423475" elapsed="1.162507"/>
</kw>
<kw name="Sleep" owner="BuiltIn">
<msg time="2025-03-27T19:52:40.589131" level="INFO">Slept 3 seconds.</msg>
<arg>3</arg>
<doc>Pauses the test executed for the given time.</doc>
<status status="PASS" start="2025-03-27T19:52:37.586775" elapsed="3.002648"/>
</kw>
<kw name="verify login success" owner="demoLogin">
<kw name="Title Should Be" owner="SeleniumLibrary">
<msg time="2025-03-27T19:52:40.599894" level="INFO">Page title is 'Login: Mercury Tours'.</msg>
<arg>Login: Mercury Tours</arg>
<doc>Verifies that the current page title equals ``title``.</doc>
<status status="PASS" start="2025-03-27T19:52:40.591498" elapsed="0.008549"/>
</kw>
<status status="PASS" start="2025-03-27T19:52:40.590148" elapsed="0.010102"/>
</kw>
<kw name="Sleep" owner="BuiltIn">
<msg time="2025-03-27T19:52:42.602747" level="INFO">Slept 2 seconds.</msg>
<arg>2</arg>
<doc>Pauses the test executed for the given time.</doc>
<status status="PASS" start="2025-03-27T19:52:40.600479" elapsed="2.004845"/>
</kw>
<kw name="close my browser" owner="demoLogin">
<kw name="Close All Browsers" owner="SeleniumLibrary">
<doc>Closes all open browsers and resets the browser cache.</doc>
<status status="PASS" start="2025-03-27T19:52:42.607306" elapsed="0.098110"/>
</kw>
<status status="PASS" start="2025-03-27T19:52:42.606315" elapsed="0.099242"/>
</kw>
<status status="PASS" start="2025-03-27T19:52:34.161772" elapsed="8.543962"/>
</test>
<status status="PASS" start="2025-03-27T19:52:34.066563" elapsed="8.639816"/>
</suite>
<status status="PASS" start="2025-03-27T19:52:34.058170" elapsed="8.648788"/>
</suite>
<statistics>
<total>
<stat pass="1" fail="0" skip="0">All Tests</stat>
</total>
<tag>
</tag>
<suite>
<stat name="Suites" id="s1" pass="1" fail="0" skip="0">Suites</stat>
<stat name="loginTest" id="s1-s1" pass="1" fail="0" skip="0">Suites.loginTest</stat>
</suite>
</statistics>
<errors>
</errors>
</robot>
